<?xml version="1.0" encoding="UTF-8"?>
<robot generator="Robot 4.1 (Python 3.8.10 on win32)" generated="20241230 08:15:42.580" rpa="false" schemaversion="2">
<suite id="s1" name="Test Suites" source="X:\Tests\Automation\test_suites">
<kw name="Run Keywords" library="BuiltIn" type="SETUP">
<arg>Update database values</arg>
<arg>Set global variables</arg>
<doc>Executes all the given keywords in a sequence.</doc>
<kw name="Update database values">
<doc>This keyword toggle off the approval management flow at the tenant level in Portal/Admin</doc>
<kw name="Return From Keyword If" library="BuiltIn">
<arg>${DisableSQL}</arg>
<doc>Returns from the enclosing user keyword if ``condition`` is true.</doc>
<msg timestamp="20241230 08:15:47.393" level="INFO">Returning from the enclosing user keyword.</msg>
<status status="PASS" starttime="20241230 08:15:47.393" endtime="20241230 08:15:47.393"/>
</kw>
<status status="PASS" starttime="20241230 08:15:47.393" endtime="20241230 08:15:47.393"/>
</kw>
<kw name="set global variables">
<doc>This keyword defines some global variables for the entire run.</doc>
<kw name="Set Global Variable" library="BuiltIn">
<arg>${reuseSession}</arg>
<doc>Makes a variable available globally in all tests and suites.</doc>
<msg timestamp="20241230 08:15:47.393" level="INFO">${reuseSession} = True</msg>
<status status="PASS" starttime="20241230 08:15:47.393" endtime="20241230 08:15:47.393"/>
</kw>
<kw name="Create Dictionary" library="BuiltIn">
<var>${smc_sessions}</var>
<doc>Creates and returns a dictionary based on the given ``items``.</doc>
<msg timestamp="20241230 08:15:47.393" level="INFO">${smc_sessions} = {}</msg>
<status status="PASS" starttime="20241230 08:15:47.393" endtime="20241230 08:15:47.393"/>
</kw>
<kw name="Set Global Variable" library="BuiltIn">
<arg>${smc_sessions}</arg>
<doc>Makes a variable available globally in all tests and suites.</doc>
<msg timestamp="20241230 08:15:47.406" level="INFO">${smc_sessions} = {}</msg>
<status status="PASS" starttime="20241230 08:15:47.406" endtime="20241230 08:15:47.406"/>
</kw>
<kw name="Set Global Variable" library="BuiltIn">
<arg>${CleanupEnabled}</arg>
<doc>Makes a variable available globally in all tests and suites.</doc>
<msg timestamp="20241230 08:15:47.406" level="INFO">${CleanupEnabled} = True</msg>
<status status="PASS" starttime="20241230 08:15:47.406" endtime="20241230 08:15:47.406"/>
</kw>
<kw name="Get Time" library="BuiltIn">
<var>${GLOBAL_EPOCH}</var>
<arg>epoch</arg>
<doc>Returns the given time in the requested format.</doc>
<msg timestamp="20241230 08:15:47.406" level="INFO">${GLOBAL_EPOCH} = 1735542947</msg>
<status status="PASS" starttime="20241230 08:15:47.406" endtime="20241230 08:15:47.406"/>
</kw>
<kw name="Set Suite Variable" library="BuiltIn">
<arg>${GLOBAL_EPOCH}</arg>
<arg>${GLOBAL_EPOCH}</arg>
<arg>children=true</arg>
<doc>Makes a variable available everywhere within the scope of the current suite.</doc>
<msg timestamp="20241230 08:15:47.410" level="INFO">${GLOBAL_EPOCH} = 1735542947</msg>
<status status="PASS" starttime="20241230 08:15:47.410" endtime="20241230 08:15:47.410"/>
</kw>
<kw name="Set Suite Variable" library="BuiltIn">
<arg>${JOURNEYS__SESSION__ALIAS}</arg>
<arg>teamfourtytwo</arg>
<arg>children=true</arg>
<doc>Makes a variable available everywhere within the scope of the current suite.</doc>
<msg timestamp="20241230 08:15:47.485" level="INFO">${JOURNEYS__SESSION__ALIAS} = teamfourtytwo</msg>
<status status="PASS" starttime="20241230 08:15:47.410" endtime="20241230 08:15:47.485"/>
</kw>
<kw name="Set Suite Variable" library="BuiltIn">
<arg>${bUniqueUserCreation}</arg>
<arg>${use_unique_login}</arg>
<arg>children=true</arg>
<doc>Makes a variable available everywhere within the scope of the current suite.</doc>
<msg timestamp="20241230 08:15:47.538" level="INFO">${bUniqueUserCreation} = True</msg>
<status status="PASS" starttime="20241230 08:15:47.485" endtime="20241230 08:15:47.538"/>
</kw>
<kw name="Set Suite Variable" library="BuiltIn">
<arg>${bHardCodedUserUsage}</arg>
<arg>${True}</arg>
<arg>children=true</arg>
<doc>Makes a variable available everywhere within the scope of the current suite.</doc>
<msg timestamp="20241230 08:15:47.604" level="INFO">${bHardCodedUserUsage} = True</msg>
<status status="PASS" starttime="20241230 08:15:47.551" endtime="20241230 08:15:47.604"/>
</kw>
<if>
<branch type="IF" condition="${DisableSQL}">
<kw name="set global variables without sql">
<doc>This keyword defines some global variables for the entire run if sql is disabled</doc>
<kw name="Set Global Variable" library="BuiltIn">
<arg>${OrganisationId}</arg>
<arg>1</arg>
<doc>Makes a variable available globally in all tests and suites.</doc>
<msg timestamp="20241230 08:15:47.664" level="INFO">${OrganisationId} = 1</msg>
<status status="PASS" starttime="20241230 08:15:47.604" endtime="20241230 08:15:47.664"/>
</kw>
<kw name="Verify FeatureKeys no sql">
<doc>Get and set all Feature toggles here that are triggered by sanity tests (no sql access)</doc>
<kw name="Get Feature Toggle Value">
<var>${SettingValue}</var>
<arg>JOURNEY_ASSET_TREE_SELECTOR</arg>
<kw name="Get Variable Value" library="BuiltIn">
<var>${FeatureToggles}</var>
<arg>${AllFeatureToggles}</arg>
<doc>Returns variable value or ``default`` if the variable does not exist.</doc>
<msg timestamp="20241230 08:15:47.780" level="INFO">${FeatureToggles} = None</msg>
<status status="PASS" starttime="20241230 08:15:47.668" endtime="20241230 08:15:47.780"/>
</kw>
<kw name="Run Keyword If" library="BuiltIn">
<var>${FeatureToggles}</var>
<arg>'${FeatureToggles}' == 'None'</arg>
<arg>Get Feature Toggle variable</arg>
<arg>ELSE</arg>
<arg>set variable</arg>
<arg>${FeatureToggles}</arg>
<doc>Runs the given keyword with the given arguments, if ``condition`` is true.</doc>
<kw name="Get Feature Toggle variable" library="leftnavigationbar">
<if>
<branch type="IF" condition="${Login}">
<kw name="Run Keyword And Return Status" library="BuiltIn">
<var>${Status}</var>
<arg>Login_ES</arg>
<doc>Runs the given keyword with given arguments and returns the status as a Boolean value.</doc>
<kw name="Login_ES" library="loginpage">
<doc>This login function opens immediately the ES application
Gdu: Added optional parameters to enable addblocker both on headless and visible browser
set Addblockname (ie ChromeAdBlock4_10.crx) when calling Login_ES to enable an addblocker
Addblocker crx must be present in /resources/extensions/
This is atm only enabled when bReuseLogin is enabled as well so tests must be in 04 or 13 folder</doc>
<kw name="Reuse session check" library="loginpage">
<var>${bReuseLogin}</var>
<arg>${reuseSession}</arg>
<doc>Does some checks to see if cookies can be reused or not and returns TRUE if ok, False if not</doc>
<kw name="Run Keyword If" library="BuiltIn">
<arg>${DisableSQL}</arg>
<arg>return from keyword</arg>
<arg>${False}</arg>
<doc>Runs the given keyword with the given arguments, if ``condition`` is true.</doc>
<kw name="Return From Keyword" library="BuiltIn">
<arg>${False}</arg>
<doc>Returns from the enclosing user keyword.</doc>
<msg timestamp="20241230 08:15:47.813" level="INFO">Returning from the enclosing user keyword.</msg>
<status status="PASS" starttime="20241230 08:15:47.813" endtime="20241230 08:15:47.813"/>
</kw>
<status status="PASS" starttime="20241230 08:15:47.813" endtime="20241230 08:15:47.813"/>
</kw>
<msg timestamp="20241230 08:15:47.813" level="INFO">${bReuseLogin} = False</msg>
<status status="PASS" starttime="20241230 08:15:47.809" endtime="20241230 08:15:47.813"/>
</kw>
<kw name="Run Keyword If" library="BuiltIn">
<arg>'${OrganisationId}' == '1'</arg>
<arg>Login</arg>
<arg>LoginUrl=${URL}/ES/</arg>
<arg>reuseSession=${reuseSession}</arg>
<arg>bReuseLogin=${bReuseLogin}</arg>
<arg>Addblockname=${Addblockname}</arg>
<arg>ELSE</arg>
<arg>Login</arg>
<arg>LoginUrl=${URL}/ES/</arg>
<arg>reuseSession=${reuseSession}</arg>
<arg>bReuseLogin=${bReuseLogin}</arg>
<arg>Addblockname=${Addblockname}</arg>
<doc>Runs the given keyword with the given arguments, if ``condition`` is true.</doc>
<kw name="Login" library="loginpage">
<arg>LoginUrl=${URL}/ES/</arg>
<arg>reuseSession=${reuseSession}</arg>
<arg>bReuseLogin=${bReuseLogin}</arg>
<arg>Addblockname=${Addblockname}</arg>
<doc>This function is used to effectivaly Login ES and expects it to work.</doc>
<kw name="Set Log Level" library="BuiltIn">
<arg>NONE</arg>
<doc>Sets the log threshold to the specified level and returns the old level.</doc>
<status status="PASS" starttime="20241230 08:15:47.843" endtime="20241230 08:15:47.843"/>
</kw>
<kw name="Run Keyword If" library="BuiltIn">
<var>${userName}</var>
<arg>${DisableSQL}</arg>
<arg>Get Username for disabled SQL</arg>
<arg>${userName}</arg>
<arg>ELSE</arg>
<arg>Get Username for test suite agent</arg>
<arg>${userName}</arg>
<doc>Runs the given keyword with the given arguments, if ``condition`` is true.</doc>
<kw name="Get Username for disabled SQL" library="loginpage">
<arg>${userName}</arg>
<kw name="Run Keyword If" library="BuiltIn">
<arg>'${userName}'=='${EMPTY}'</arg>
<arg>return from keyword</arg>
<arg>${userNameText}</arg>
<doc>Runs the given keyword with the given arguments, if ``condition`` is true.</doc>
<kw name="Return From Keyword" library="BuiltIn">
<arg>${userNameText}</arg>
<doc>Returns from the enclosing user keyword.</doc>
<status status="PASS" starttime="20241230 08:15:47.861" endtime="20241230 08:15:47.861"/>
</kw>
<status status="PASS" starttime="20241230 08:15:47.846" endtime="20241230 08:15:47.861"/>
</kw>
<status status="PASS" starttime="20241230 08:15:47.843" endtime="20241230 08:15:47.861"/>
</kw>
<status status="PASS" starttime="20241230 08:15:47.843" endtime="20241230 08:15:47.861"/>
</kw>
<kw name="Set Log Level" library="BuiltIn">
<arg>INFO</arg>
<doc>Sets the log threshold to the specified level and returns the old level.</doc>
<msg timestamp="20241230 08:15:47.861" level="INFO">Log level changed from NONE to INFO.</msg>
<status status="PASS" starttime="20241230 08:15:47.861" endtime="20241230 08:15:47.861"/>
</kw>
<kw name="Has Stored Smc Cookies" library="cookies">
<var>${has_cookies}</var>
<arg>${userName}</arg>
<msg timestamp="20241230 08:15:47.874" level="INFO">${has_cookies} = False</msg>
<status status="PASS" starttime="20241230 08:15:47.874" endtime="20241230 08:15:47.874"/>
</kw>
<kw name="Set Variable If" library="BuiltIn">
<var>${has_cookies}</var>
<arg>${reuseSession} == ${true}</arg>
<arg>${has_cookies}</arg>
<arg>${false}</arg>
<doc>Sets variable based on the given condition.</doc>
<msg timestamp="20241230 08:15:47.874" level="INFO">${has_cookies} = False</msg>
<status status="PASS" starttime="20241230 08:15:47.874" endtime="20241230 08:15:47.874"/>
</kw>
<kw name="Register Keyword To Run On Failure" library="SeleniumLibrary">
<arg>NONE</arg>
<doc>Sets the keyword to execute, when a SeleniumLibrary keyword fails.</doc>
<msg timestamp="20241230 08:15:47.874" level="INFO">No keyword will be run on failure.</msg>
<status status="PASS" starttime="20241230 08:15:47.874" endtime="20241230 08:15:47.874"/>
</kw>
<kw name="Set Variable" library="BuiltIn">
<var>${screenshot_folder}</var>
<arg>${OUTPUT DIR}${/}screenshots${/}${SUITE NAME}${/}</arg>
<doc>Returns the given values which can then be assigned to a variables.</doc>
<msg timestamp="20241230 08:15:47.874" level="INFO">${screenshot_folder} = X:\Tests\Automation\screenshots\Test Suites\</msg>
<status status="PASS" starttime="20241230 08:15:47.874" endtime="20241230 08:15:47.874"/>
</kw>
<kw name="Run Keyword And Ignore Error" library="BuiltIn">
<var>${Status}</var>
<var>${Directory}</var>
<arg>Set screenshot directory</arg>
<arg>${screenshot_folder}</arg>
<doc>Runs the given keyword with the given arguments and ignores possible error.</doc>
<kw name="Set Screenshot Directory" library="SeleniumLibrary">
<arg>${screenshot_folder}</arg>
<doc>Sets the directory for captured screenshots.</doc>
<status status="PASS" starttime="20241230 08:15:47.874" endtime="20241230 08:15:47.874"/>
</kw>
<msg timestamp="20241230 08:15:47.874" level="INFO">${Status} = PASS</msg>
<msg timestamp="20241230 08:15:47.874" level="INFO">${Directory} = None</msg>
<status status="PASS" starttime="20241230 08:15:47.874" endtime="20241230 08:15:47.874"/>
</kw>
<kw name="Run Keyword If" library="BuiltIn">
<arg>'${status}' == 'FAIL'</arg>
<arg>log</arg>
<arg>Failed to set screenshot dir to '${screenshot_folder}'</arg>
<arg>WARN</arg>
<doc>Runs the given keyword with the given arguments, if ``condition`` is true.</doc>
<status status="PASS" starttime="20241230 08:15:47.882" endtime="20241230 08:15:47.882"/>
</kw>
<kw name="Run Keyword If" library="BuiltIn">
<arg>${bReuseLogin}</arg>
<arg>Login_RestoreCookie_DB</arg>
<arg>${Browser}</arg>
<arg>${LoginUrl}</arg>
<arg>${userName}</arg>
<arg>${Addblockname}</arg>
<doc>Runs the given keyword with the given arguments, if ``condition`` is true.</doc>
<status status="PASS" starttime="20241230 08:15:47.882" endtime="20241230 08:15:47.882"/>
</kw>
<kw name="Run Keyword If" library="BuiltIn">
<arg>${bReuseLogin}</arg>
<arg>Verify Login and retry if not</arg>
<arg>${Browser}</arg>
<arg>${LoginUrl}</arg>
<arg>${userName}</arg>
<doc>Runs the given keyword with the given arguments, if ``condition`` is true.</doc>
<status status="PASS" starttime="20241230 08:15:47.882" endtime="20241230 08:15:47.882"/>
</kw>
<kw name="Run Keyword If" library="BuiltIn">
<arg>${bReuseLogin}</arg>
<arg>Execute Javascript</arg>
<arg>${SCRIPT}</arg>
<doc>Runs the given keyword with the given arguments, if ``condition`` is true.</doc>
<status status="PASS" starttime="20241230 08:15:47.882" endtime="20241230 08:15:47.882"/>
</kw>
<kw name="Run Keyword If" library="BuiltIn">
<arg>${bReuseLogin}</arg>
<arg>return from keyword</arg>
<arg>${True}</arg>
<doc>Runs the given keyword with the given arguments, if ``condition`` is true.</doc>
<status status="PASS" starttime="20241230 08:15:47.882" endtime="20241230 08:15:47.882"/>
</kw>
<kw name="Run Keyword If" library="BuiltIn">
<arg>${has_cookies} == ${false}</arg>
<arg>Login_ThroughForm</arg>
<arg>${Browser}</arg>
<arg>${LoginUrl}</arg>
<arg>${userName}</arg>
<arg>${password}</arg>
<arg>${reuseSession}</arg>
<arg>ELSE</arg>
<arg>Login_RestoreCookie</arg>
<arg>${Browser}</arg>
<arg>${LoginUrl}</arg>
<arg>${userName}</arg>
<doc>Runs the given keyword with the given arguments, if ``condition`` is true.</doc>
<kw name="Login_ThroughForm" library="loginpage">
<arg>${Browser}</arg>
<arg>${LoginUrl}</arg>
<arg>${userName}</arg>
<arg>${password}</arg>
<arg>${reuseSession}</arg>
<doc>This function is uses to effectivaly Login ES, via the login form and expects it to work.</doc>
<kw name="Open Browser, Fill in Login details and click on LoginButton" library="loginpage">
<arg>${Browser}</arg>
<arg>${LoginUrl}</arg>
<arg>${userNameText}</arg>
<arg>${passwordText}</arg>
<doc>This function is usesd to effectivaly open the browser, fill in the text &amp; click on the button.
This function does not check any result, here you have other functions such as login, login_invalid_user...</doc>
<kw name="Get Variable Value" library="BuiltIn">
<var>${chckBrowserStack}</var>
<arg>${BrowserStack}</arg>
<doc>Returns variable value or ``default`` if the variable does not exist.</doc>
<msg timestamp="20241230 08:15:47.990" level="INFO">${chckBrowserStack} = None</msg>
<status status="PASS" starttime="20241230 08:15:47.890" endtime="20241230 08:15:47.990"/>
</kw>
<kw name="Set Variable If" library="BuiltIn">
<var>${BrowserStackCheck}</var>
<arg>"""${chckBrowserStack}""" != 'None'</arg>
<arg>${True}</arg>
<arg>${False}</arg>
<doc>Sets variable based on the given condition.</doc>
<msg timestamp="20241230 08:15:47.990" level="INFO">${BrowserStackCheck} = False</msg>
<status status="PASS" starttime="20241230 08:15:47.990" endtime="20241230 08:15:47.990"/>
</kw>
<kw name="Run Keyword If" library="BuiltIn">
<arg>'${Browser}' == 'ChromeHeadless' or '${Browser}' == 'Chrome'</arg>
<arg>Open Chrome Browser to Page</arg>
<arg>${LoginUrl}</arg>
<arg>ELSE IF</arg>
<arg>${BrowserStackCheck}</arg>
<arg>Open Browser</arg>
<arg>url=${LoginUrl}</arg>
<arg>browser=${Browser}</arg>
<arg>remote_url=${REMOTE_URL}</arg>
<arg>desired_capabilities=browser:${Browser},os:${OS},os_version:${OS_VERSION},resolution:1920x1080</arg>
<arg>ELSE</arg>
<arg>run keywords</arg>
<arg>Open Browser</arg>
<arg>${LoginUrl}</arg>
<arg>${Browser}</arg>
<arg>AND</arg>
<arg>maximize browser window</arg>
<doc>Runs the given keyword with the given arguments, if ``condition`` is true.</doc>
<kw name="Run Keywords" library="BuiltIn">
<arg>Open Browser</arg>
<arg>${LoginUrl}</arg>
<arg>${Browser}</arg>
<arg>AND</arg>
<arg>maximize browser window</arg>
<doc>Executes all the given keywords in a sequence.</doc>
<kw name="Open Browser" library="SeleniumLibrary">
<arg>${LoginUrl}</arg>
<arg>${Browser}</arg>
<doc>Opens a new browser instance to the optional ``url``.</doc>
<msg timestamp="20241230 08:15:47.990" level="INFO">Opening browser 'chrome' to base url 'https://test.slgnt.io/Portal/ES/'.</msg>
<status status="PASS" starttime="20241230 08:15:47.990" endtime="20241230 08:15:51.922"/>
</kw>
<kw name="Maximize Browser Window" library="SeleniumLibrary">
<doc>Maximizes current browser window.</doc>
<status status="PASS" starttime="20241230 08:15:51.922" endtime="20241230 08:15:51.961"/>
</kw>
<status status="PASS" starttime="20241230 08:15:47.990" endtime="20241230 08:15:51.961"/>
</kw>
<status status="PASS" starttime="20241230 08:15:47.990" endtime="20241230 08:15:51.961"/>
</kw>
<kw name="Run Keyword And Return Status" library="BuiltIn">
<var>${status}</var>
<arg>Title Should Be</arg>
<arg>${title}</arg>
<doc>Runs the given keyword with given arguments and returns the status as a Boolean value.</doc>
<kw name="Title Should Be" library="SeleniumLibrary">
<arg>${title}</arg>
<doc>Verifies that the current page title equals ``title``.</doc>
<msg timestamp="20241230 08:15:51.969" level="INFO">Page title is 'Logon'.</msg>
<status status="PASS" starttime="20241230 08:15:51.961" endtime="20241230 08:15:51.969"/>
</kw>
<msg timestamp="20241230 08:15:51.969" level="INFO">${status} = True</msg>
<status status="PASS" starttime="20241230 08:15:51.961" endtime="20241230 08:15:51.969"/>
</kw>
<kw name="Run Keyword Unless" library="BuiltIn">
<arg>${status}</arg>
<arg>capture browser</arg>
<doc>Runs the given keyword with the given arguments if ``condition`` is false.</doc>
<status status="PASS" starttime="20241230 08:15:51.977" endtime="20241230 08:15:51.977"/>
</kw>
<kw name="Run Keyword Unless" library="BuiltIn">
<arg>${status}</arg>
<arg>FAIL</arg>
<arg>Title did not match expected: ${title}</arg>
<doc>Runs the given keyword with the given arguments if ``condition`` is false.</doc>
<status status="PASS" starttime="20241230 08:15:51.977" endtime="20241230 08:15:51.977"/>
</kw>
<kw name="Wait Until With For Loop" library="general_functions">
<arg>${userName}</arg>
<doc>This keyword is used to wait on widget to be displayed, used arguments are widget and stop value:Maximum number of iterations
Use LogFailures=False when running with ignore error to avoid excessive logging and screenshots for something that is expected to fail</doc>
<kw name="Set Variable" library="BuiltIn">
<var>${Status}</var>
<arg>${False}</arg>
<doc>Returns the given values which can then be assigned to a variables.</doc>
<msg timestamp="20241230 08:15:51.977" level="INFO">${Status} = False</msg>
<status status="PASS" starttime="20241230 08:15:51.977" endtime="20241230 08:15:51.977"/>
</kw>
<for flavor="IN RANGE">
<var>${INDEX}</var>
<value>1</value>
<value>${Stop}</value>
<iter>
<var name="${INDEX}">1</var>
<kw name="Run Keyword And Return Status" library="BuiltIn">
<var>${Status}</var>
<arg>Wait Until Element Is Visible</arg>
<arg>${Widget}</arg>
<arg>0.5</arg>
<doc>Runs the given keyword with given arguments and returns the status as a Boolean value.</doc>
<kw name="Wait Until Element Is Visible" library="SeleniumLibrary">
<arg>${Widget}</arg>
<arg>0.5</arg>
<doc>Waits until the element ``locator`` is visible.</doc>
<status status="PASS" starttime="20241230 08:15:51.977" endtime="20241230 08:15:52.049"/>
</kw>
<msg timestamp="20241230 08:15:52.049" level="INFO">${Status} = True</msg>
<status status="PASS" starttime="20241230 08:15:51.977" endtime="20241230 08:15:52.049"/>
</kw>
<kw name="Return From Keyword If" library="BuiltIn">
<arg>${Status}</arg>
<doc>Returns from the enclosing user keyword if ``condition`` is true.</doc>
<msg timestamp="20241230 08:15:52.049" level="INFO">Returning from the enclosing user keyword.</msg>
<status status="PASS" starttime="20241230 08:15:52.049" endtime="20241230 08:15:52.049"/>
</kw>
<status status="PASS" starttime="20241230 08:15:51.977" endtime="20241230 08:15:52.049"/>
</iter>
<status status="PASS" starttime="20241230 08:15:51.977" endtime="20241230 08:15:52.049"/>
</for>
<status status="PASS" starttime="20241230 08:15:51.977" endtime="20241230 08:15:52.049"/>
</kw>
<kw name="Click Element With Fail Safe" library="general_functions">
<arg>${userName}</arg>
<doc>A click on an element ALWAYS works, no need to hammer the button 50 times in a loop as fast as robot can handle it
This does not only stress the system and result in decreased performance, but also hides bad automation code
If your keywords are failing because of this change, please consider using keywords 'wait until with for loop' and 'Wait Until Page Contains With For Loop'</doc>
<kw name="Run Keyword And Return Status" library="BuiltIn">
<var>${status}</var>
<arg>Wait Until Element Is Enabled</arg>
<arg>${xpath}</arg>
<arg>3</arg>
<doc>Runs the given keyword with given arguments and returns the status as a Boolean value.</doc>
<kw name="Wait Until Element Is Enabled" library="SeleniumLibrary">
<arg>${xpath}</arg>
<arg>3</arg>
<doc>Waits until the element ``locator`` is enabled.</doc>
<status status="PASS" starttime="20241230 08:15:52.057" endtime="20241230 08:15:52.094"/>
</kw>
<msg timestamp="20241230 08:15:52.094" level="INFO">${status} = True</msg>
<status status="PASS" starttime="20241230 08:15:52.057" endtime="20241230 08:15:52.094"/>
</kw>
<kw name="Run Keyword If" library="BuiltIn">
<arg>not ${Status}</arg>
<arg>log to report and console</arg>
<arg>Only active elements can be clicked on, actionclick may be required</arg>
<doc>Runs the given keyword with the given arguments, if ``condition`` is true.</doc>
<status status="PASS" starttime="20241230 08:15:52.094" endtime="20241230 08:15:52.094"/>
</kw>
<kw name="Run Keyword And Return Status" library="BuiltIn">
<var>${Status}</var>
<arg>Click Element</arg>
<arg>${xpath}</arg>
<doc>Runs the given keyword with given arguments and returns the status as a Boolean value.</doc>
<kw name="Click Element" library="SeleniumLibrary">
<arg>${xpath}</arg>
<doc>Click the element identified by ``locator``.</doc>
<msg timestamp="20241230 08:15:52.094" level="INFO">Clicking element '//input[@sg-qa-id="Username"]'.</msg>
<status status="PASS" starttime="20241230 08:15:52.094" endtime="20241230 08:15:52.203"/>
</kw>
<msg timestamp="20241230 08:15:52.203" level="INFO">${Status} = True</msg>
<status status="PASS" starttime="20241230 08:15:52.094" endtime="20241230 08:15:52.203"/>
</kw>
<kw name="Return From Keyword If" library="BuiltIn">
<arg>${Status}</arg>
<doc>Returns from the enclosing user keyword if ``condition`` is true.</doc>
<msg timestamp="20241230 08:15:52.203" level="INFO">Returning from the enclosing user keyword.</msg>
<status status="PASS" starttime="20241230 08:15:52.203" endtime="20241230 08:15:52.203"/>
</kw>
<status status="PASS" starttime="20241230 08:15:52.049" endtime="20241230 08:15:52.203"/>
</kw>
<kw name="Input Text" library="SeleniumLibrary">
<arg>${userName}</arg>
<arg>${userNameValue}</arg>
<doc>Types the given ``text`` into the text field identified by ``locator``.</doc>
<msg timestamp="20241230 08:15:52.203" level="INFO">Typing text 'QA_automation_admin' into text field '//input[@sg-qa-id="Username"]'.</msg>
<status status="PASS" starttime="20241230 08:15:52.203" endtime="20241230 08:15:52.323"/>
</kw>
<kw name="Wait Until With For Loop" library="general_functions">
<arg>${password}</arg>
<doc>This keyword is used to wait on widget to be displayed, used arguments are widget and stop value:Maximum number of iterations
Use LogFailures=False when running with ignore error to avoid excessive logging and screenshots for something that is expected to fail</doc>
<kw name="Set Variable" library="BuiltIn">
<var>${Status}</var>
<arg>${False}</arg>
<doc>Returns the given values which can then be assigned to a variables.</doc>
<msg timestamp="20241230 08:15:52.323" level="INFO">${Status} = False</msg>
<status status="PASS" starttime="20241230 08:15:52.323" endtime="20241230 08:15:52.323"/>
</kw>
<for flavor="IN RANGE">
<var>${INDEX}</var>
<value>1</value>
<value>${Stop}</value>
<iter>
<var name="${INDEX}">1</var>
<kw name="Run Keyword And Return Status" library="BuiltIn">
<var>${Status}</var>
<arg>Wait Until Element Is Visible</arg>
<arg>${Widget}</arg>
<arg>0.5</arg>
<doc>Runs the given keyword with given arguments and returns the status as a Boolean value.</doc>
<kw name="Wait Until Element Is Visible" library="SeleniumLibrary">
<arg>${Widget}</arg>
<arg>0.5</arg>
<doc>Waits until the element ``locator`` is visible.</doc>
<status status="PASS" starttime="20241230 08:15:52.323" endtime="20241230 08:15:52.352"/>
</kw>
<msg timestamp="20241230 08:15:52.352" level="INFO">${Status} = True</msg>
<status status="PASS" starttime="20241230 08:15:52.323" endtime="20241230 08:15:52.352"/>
</kw>
<kw name="Return From Keyword If" library="BuiltIn">
<arg>${Status}</arg>
<doc>Returns from the enclosing user keyword if ``condition`` is true.</doc>
<msg timestamp="20241230 08:15:52.352" level="INFO">Returning from the enclosing user keyword.</msg>
<status status="PASS" starttime="20241230 08:15:52.352" endtime="20241230 08:15:52.352"/>
</kw>
<status status="PASS" starttime="20241230 08:15:52.323" endtime="20241230 08:15:52.352"/>
</iter>
<status status="PASS" starttime="20241230 08:15:52.323" endtime="20241230 08:15:52.352"/>
</for>
<status status="PASS" starttime="20241230 08:15:52.323" endtime="20241230 08:15:52.352"/>
</kw>
<kw name="Click Element With Fail Safe" library="general_functions">
<arg>${password}</arg>
<doc>A click on an element ALWAYS works, no need to hammer the button 50 times in a loop as fast as robot can handle it
This does not only stress the system and result in decreased performance, but also hides bad automation code
If your keywords are failing because of this change, please consider using keywords 'wait until with for loop' and 'Wait Until Page Contains With For Loop'</doc>
<kw name="Run Keyword And Return Status" library="BuiltIn">
<var>${status}</var>
<arg>Wait Until Element Is Enabled</arg>
<arg>${xpath}</arg>
<arg>3</arg>
<doc>Runs the given keyword with given arguments and returns the status as a Boolean value.</doc>
<kw name="Wait Until Element Is Enabled" library="SeleniumLibrary">
<arg>${xpath}</arg>
<arg>3</arg>
<doc>Waits until the element ``locator`` is enabled.</doc>
<status status="PASS" starttime="20241230 08:15:52.365" endtime="20241230 08:15:52.397"/>
</kw>
<msg timestamp="20241230 08:15:52.397" level="INFO">${status} = True</msg>
<status status="PASS" starttime="20241230 08:15:52.365" endtime="20241230 08:15:52.397"/>
</kw>
<kw name="Run Keyword If" library="BuiltIn">
<arg>not ${Status}</arg>
<arg>log to report and console</arg>
<arg>Only active elements can be clicked on, actionclick may be required</arg>
<doc>Runs the given keyword with the given arguments, if ``condition`` is true.</doc>
<status status="PASS" starttime="20241230 08:15:52.405" endtime="20241230 08:15:52.405"/>
</kw>
<kw name="Run Keyword And Return Status" library="BuiltIn">
<var>${Status}</var>
<arg>Click Element</arg>
<arg>${xpath}</arg>
<doc>Runs the given keyword with given arguments and returns the status as a Boolean value.</doc>
<kw name="Click Element" library="SeleniumLibrary">
<arg>${xpath}</arg>
<doc>Click the element identified by ``locator``.</doc>
<msg timestamp="20241230 08:15:52.405" level="INFO">Clicking element '//input[@sg-qa-id="Password"]'.</msg>
<status status="PASS" starttime="20241230 08:15:52.405" endtime="20241230 08:15:52.481"/>
</kw>
<msg timestamp="20241230 08:15:52.481" level="INFO">${Status} = True</msg>
<status status="PASS" starttime="20241230 08:15:52.405" endtime="20241230 08:15:52.481"/>
</kw>
<kw name="Return From Keyword If" library="BuiltIn">
<arg>${Status}</arg>
<doc>Returns from the enclosing user keyword if ``condition`` is true.</doc>
<msg timestamp="20241230 08:15:52.481" level="INFO">Returning from the enclosing user keyword.</msg>
<status status="PASS" starttime="20241230 08:15:52.481" endtime="20241230 08:15:52.481"/>
</kw>
<status status="PASS" starttime="20241230 08:15:52.365" endtime="20241230 08:15:52.481"/>
</kw>
<kw name="Input Password" library="SeleniumLibrary">
<arg>${password}</arg>
<arg>${passwordValue}</arg>
<doc>Types the given password into the text field identified by ``locator``.</doc>
<msg timestamp="20241230 08:15:52.481" level="INFO">Typing password into text field '//input[@sg-qa-id="Password"]'.</msg>
<msg timestamp="20241230 08:15:52.513" level="INFO">Temporally setting log level to: NONE</msg>
<msg timestamp="20241230 08:15:52.565" level="INFO">Log level changed from NONE to INFO.</msg>
<status status="PASS" starttime="20241230 08:15:52.481" endtime="20241230 08:15:52.565"/>
</kw>
<kw name="Wait Until With For Loop" library="general_functions">
<arg>${LoginButton}</arg>
<doc>This keyword is used to wait on widget to be displayed, used arguments are widget and stop value:Maximum number of iterations
Use LogFailures=False when running with ignore error to avoid excessive logging and screenshots for something that is expected to fail</doc>
<kw name="Set Variable" library="BuiltIn">
<var>${Status}</var>
<arg>${False}</arg>
<doc>Returns the given values which can then be assigned to a variables.</doc>
<msg timestamp="20241230 08:15:52.565" level="INFO">${Status} = False</msg>
<status status="PASS" starttime="20241230 08:15:52.565" endtime="20241230 08:15:52.565"/>
</kw>
<for flavor="IN RANGE">
<var>${INDEX}</var>
<value>1</value>
<value>${Stop}</value>
<iter>
<var name="${INDEX}">1</var>
<kw name="Run Keyword And Return Status" library="BuiltIn">
<var>${Status}</var>
<arg>Wait Until Element Is Visible</arg>
<arg>${Widget}</arg>
<arg>0.5</arg>
<doc>Runs the given keyword with given arguments and returns the status as a Boolean value.</doc>
<kw name="Wait Until Element Is Visible" library="SeleniumLibrary">
<arg>${Widget}</arg>
<arg>0.5</arg>
<doc>Waits until the element ``locator`` is visible.</doc>
<status status="PASS" starttime="20241230 08:15:52.565" endtime="20241230 08:15:52.594"/>
</kw>
<msg timestamp="20241230 08:15:52.594" level="INFO">${Status} = True</msg>
<status status="PASS" starttime="20241230 08:15:52.565" endtime="20241230 08:15:52.594"/>
</kw>
<kw name="Return From Keyword If" library="BuiltIn">
<arg>${Status}</arg>
<doc>Returns from the enclosing user keyword if ``condition`` is true.</doc>
<msg timestamp="20241230 08:15:52.594" level="INFO">Returning from the enclosing user keyword.</msg>
<status status="PASS" starttime="20241230 08:15:52.594" endtime="20241230 08:15:52.594"/>
</kw>
<status status="PASS" starttime="20241230 08:15:52.565" endtime="20241230 08:15:52.594"/>
</iter>
<status status="PASS" starttime="20241230 08:15:52.565" endtime="20241230 08:15:52.594"/>
</for>
<status status="PASS" starttime="20241230 08:15:52.565" endtime="20241230 08:15:52.594"/>
</kw>
<kw name="Click Element With Fail Safe" library="general_functions">
<arg>${LoginButton}</arg>
<doc>A click on an element ALWAYS works, no need to hammer the button 50 times in a loop as fast as robot can handle it
This does not only stress the system and result in decreased performance, but also hides bad automation code
If your keywords are failing because of this change, please consider using keywords 'wait until with for loop' and 'Wait Until Page Contains With For Loop'</doc>
<kw name="Run Keyword And Return Status" library="BuiltIn">
<var>${status}</var>
<arg>Wait Until Element Is Enabled</arg>
<arg>${xpath}</arg>
<arg>3</arg>
<doc>Runs the given keyword with given arguments and returns the status as a Boolean value.</doc>
<kw name="Wait Until Element Is Enabled" library="SeleniumLibrary">
<arg>${xpath}</arg>
<arg>3</arg>
<doc>Waits until the element ``locator`` is enabled.</doc>
<status status="PASS" starttime="20241230 08:15:52.607" endtime="20241230 08:15:52.639"/>
</kw>
<msg timestamp="20241230 08:15:52.639" level="INFO">${status} = True</msg>
<status status="PASS" starttime="20241230 08:15:52.607" endtime="20241230 08:15:52.639"/>
</kw>
<kw name="Run Keyword If" library="BuiltIn">
<arg>not ${Status}</arg>
<arg>log to report and console</arg>
<arg>Only active elements can be clicked on, actionclick may be required</arg>
<doc>Runs the given keyword with the given arguments, if ``condition`` is true.</doc>
<status status="PASS" starttime="20241230 08:15:52.639" endtime="20241230 08:15:52.639"/>
</kw>
<kw name="Run Keyword And Return Status" library="BuiltIn">
<var>${Status}</var>
<arg>Click Element</arg>
<arg>${xpath}</arg>
<doc>Runs the given keyword with given arguments and returns the status as a Boolean value.</doc>
<kw name="Click Element" library="SeleniumLibrary">
<arg>${xpath}</arg>
<doc>Click the element identified by ``locator``.</doc>
<msg timestamp="20241230 08:15:52.643" level="INFO">Clicking element '//button[@sg-qa-id='split-button-login'][not(contains(@class,"sg-split-button--disabled"))]'.</msg>
<status status="PASS" starttime="20241230 08:15:52.643" endtime="20241230 08:15:55.275"/>
</kw>
<msg timestamp="20241230 08:15:55.275" level="INFO">${Status} = True</msg>
<status status="PASS" starttime="20241230 08:15:52.643" endtime="20241230 08:15:55.275"/>
</kw>
<kw name="Return From Keyword If" library="BuiltIn">
<arg>${Status}</arg>
<doc>Returns from the enclosing user keyword if ``condition`` is true.</doc>
<msg timestamp="20241230 08:15:55.275" level="INFO">Returning from the enclosing user keyword.</msg>
<status status="PASS" starttime="20241230 08:15:55.275" endtime="20241230 08:15:55.275"/>
</kw>
<status status="PASS" starttime="20241230 08:15:52.594" endtime="20241230 08:15:55.275"/>
</kw>
<kw name="Wait For Page Readystate" library="generalfunctions">
<doc>Waits for the page to finish loading by checking its readystate = complete</doc>
<msg timestamp="20241230 08:15:55.292" level="INFO">Waiting for page to finish loading
Load Complete.</msg>
<status status="PASS" starttime="20241230 08:15:55.275" endtime="20241230 08:15:55.292"/>
</kw>
<kw name="Run Keyword And Ignore Error" library="BuiltIn">
<var>${status}</var>
<var>${result}</var>
<arg>Verify if accountDropdownMenu is loaded</arg>
<doc>Runs the given keyword with the given arguments and ignores possible error.</doc>
<kw name="Verify if accountDropdownMenu is loaded" library="topheaderbar">
<doc>This keyword is used verify if the Home page is loaded. by checking if the user is displayed.
Used after logon</doc>
<kw name="Run Keyword And Return Status" library="BuiltIn">
<var>${DropdownLoaded}</var>
<arg>Wait Until With For Loop</arg>
<arg>${homePageIdentifier}</arg>
<doc>Runs the given keyword with given arguments and returns the status as a Boolean value.</doc>
<kw name="Wait Until With For Loop" library="general_functions">
<arg>${homePageIdentifier}</arg>
<doc>This keyword is used to wait on widget to be displayed, used arguments are widget and stop value:Maximum number of iterations
Use LogFailures=False when running with ignore error to avoid excessive logging and screenshots for something that is expected to fail</doc>
<kw name="Set Variable" library="BuiltIn">
<var>${Status}</var>
<arg>${False}</arg>
<doc>Returns the given values which can then be assigned to a variables.</doc>
<msg timestamp="20241230 08:15:55.292" level="INFO">${Status} = False</msg>
<status status="PASS" starttime="20241230 08:15:55.292" endtime="20241230 08:15:55.292"/>
</kw>
<for flavor="IN RANGE">
<var>${INDEX}</var>
<value>1</value>
<value>${Stop}</value>
<iter>
<var name="${INDEX}">1</var>
<kw name="Run Keyword And Return Status" library="BuiltIn">
<var>${Status}</var>
<arg>Wait Until Element Is Visible</arg>
<arg>${Widget}</arg>
<arg>0.5</arg>
<doc>Runs the given keyword with given arguments and returns the status as a Boolean value.</doc>
<kw name="Wait Until Element Is Visible" library="SeleniumLibrary">
<arg>${Widget}</arg>
<arg>0.5</arg>
<doc>Waits until the element ``locator`` is visible.</doc>
<status status="PASS" starttime="20241230 08:15:55.292" endtime="20241230 08:15:55.325"/>
</kw>
<msg timestamp="20241230 08:15:55.325" level="INFO">${Status} = True</msg>
<status status="PASS" starttime="20241230 08:15:55.292" endtime="20241230 08:15:55.325"/>
</kw>
<kw name="Return From Keyword If" library="BuiltIn">
<arg>${Status}</arg>
<doc>Returns from the enclosing user keyword if ``condition`` is true.</doc>
<msg timestamp="20241230 08:15:55.325" level="INFO">Returning from the enclosing user keyword.</msg>
<status status="PASS" starttime="20241230 08:15:55.325" endtime="20241230 08:15:55.325"/>
</kw>
<status status="PASS" starttime="20241230 08:15:55.292" endtime="20241230 08:15:55.325"/>
</iter>
<status status="PASS" starttime="20241230 08:15:55.292" endtime="20241230 08:15:55.325"/>
</for>
<status status="PASS" starttime="20241230 08:15:55.292" endtime="20241230 08:15:55.325"/>
</kw>
<msg timestamp="20241230 08:15:55.325" level="INFO">${DropdownLoaded} = True</msg>
<status status="PASS" starttime="20241230 08:15:55.292" endtime="20241230 08:15:55.325"/>
</kw>
<kw name="Run Keyword Unless" library="BuiltIn">
<arg>${DropdownLoaded}</arg>
<arg>capture browser</arg>
<doc>Runs the given keyword with the given arguments if ``condition`` is false.</doc>
<status status="PASS" starttime="20241230 08:15:55.325" endtime="20241230 08:15:55.325"/>
</kw>
<kw name="Run Keyword Unless" library="BuiltIn">
<arg>${DropdownLoaded}</arg>
<arg>Fail</arg>
<arg>HomePage is not available</arg>
<doc>Runs the given keyword with the given arguments if ``condition`` is false.</doc>
<status status="PASS" starttime="20241230 08:15:55.325" endtime="20241230 08:15:55.325"/>
</kw>
<status status="PASS" starttime="20241230 08:15:55.292" endtime="20241230 08:15:55.325"/>
</kw>
<msg timestamp="20241230 08:15:55.325" level="INFO">${status} = PASS</msg>
<msg timestamp="20241230 08:15:55.325" level="INFO">${result} = None</msg>
<status status="PASS" starttime="20241230 08:15:55.292" endtime="20241230 08:15:55.325"/>
</kw>
<kw name="Run Keyword If" library="BuiltIn">
<arg>'${status}' == 'FAIL'</arg>
<arg>Use Fallback Login</arg>
<arg>${LoginUrl}</arg>
<arg>${userNameValue}</arg>
<arg>${passwordValue}</arg>
<doc>Runs the given keyword with the given arguments, if ``condition`` is true.</doc>
<status status="PASS" starttime="20241230 08:15:55.325" endtime="20241230 08:15:55.325"/>
</kw>
<status status="PASS" starttime="20241230 08:15:47.890" endtime="20241230 08:15:55.325"/>
</kw>
<kw name="Run Keyword If" library="BuiltIn">
<arg>${reuseSession} == ${true}</arg>
<arg>Login_StoreCookie</arg>
<arg>${userNameText}</arg>
<doc>Runs the given keyword with the given arguments, if ``condition`` is true.</doc>
<kw name="Login_StoreCookie" library="loginpage">
<arg>${userNameText}</arg>
<doc>This function associate and stores the given username with its cookies, for next reuse</doc>
<kw name="Run Keyword And Return Status" library="BuiltIn">
<var>${status}</var>
<arg>Store smc cookies</arg>
<arg>${userNameText}</arg>
<doc>Runs the given keyword with given arguments and returns the status as a Boolean value.</doc>
<kw name="Store Smc Cookies" library="cookies">
<arg>${userNameText}</arg>
<status status="PASS" starttime="20241230 08:15:55.341" endtime="20241230 08:15:55.353"/>
</kw>
<msg timestamp="20241230 08:15:55.353" level="INFO">${status} = True</msg>
<status status="PASS" starttime="20241230 08:15:55.337" endtime="20241230 08:15:55.353"/>
</kw>
<kw name="Run Keyword Unless" library="BuiltIn">
<arg>${status}</arg>
<arg>log</arg>
<arg>Login StoreCookie failed</arg>
<arg>WARN</arg>
<doc>Runs the given keyword with the given arguments if ``condition`` is false.</doc>
<status status="PASS" starttime="20241230 08:15:55.353" endtime="20241230 08:15:55.353"/>
</kw>
<status status="PASS" starttime="20241230 08:15:55.337" endtime="20241230 08:15:55.353"/>
</kw>
<status status="PASS" starttime="20241230 08:15:55.337" endtime="20241230 08:15:55.353"/>
</kw>
<status status="PASS" starttime="20241230 08:15:47.882" endtime="20241230 08:15:55.353"/>
</kw>
<status status="PASS" starttime="20241230 08:15:47.882" endtime="20241230 08:15:55.353"/>
</kw>
<kw name="Get Title" library="SeleniumLibrary">
<var>${title}</var>
<doc>Returns the title of the current page.</doc>
<msg timestamp="20241230 08:15:55.361" level="INFO">${title} = Engage</msg>
<status status="PASS" starttime="20241230 08:15:55.353" endtime="20241230 08:15:55.361"/>
</kw>
<kw name="Run Keyword If" library="BuiltIn">
<arg>'${title}'=='Logon'</arg>
<arg>close browser</arg>
<doc>Runs the given keyword with the given arguments, if ``condition`` is true.</doc>
<status status="PASS" starttime="20241230 08:15:55.361" endtime="20241230 08:15:55.361"/>
</kw>
<kw name="Run Keyword If" library="BuiltIn">
<arg>'${title}'=='Logon'</arg>
<arg>Login_ThroughForm</arg>
<arg>${Browser}</arg>
<arg>${LoginUrl}</arg>
<arg>${userName}</arg>
<arg>${password}</arg>
<arg>${reuseSession}</arg>
<doc>Runs the given keyword with the given arguments, if ``condition`` is true.</doc>
<status status="PASS" starttime="20241230 08:15:55.361" endtime="20241230 08:15:55.361"/>
</kw>
<kw name="Verify if logged in" library="loginpage">
<doc>Checks if we are not still on the login page, then checks if the accountdropdown is loaded
to make sure were actually still in SMC</doc>
<kw name="Get Title" library="SeleniumLibrary">
<var>${title}</var>
<doc>Returns the title of the current page.</doc>
<msg timestamp="20241230 08:15:55.372" level="INFO">${title} = Engage</msg>
<status status="PASS" starttime="20241230 08:15:55.369" endtime="20241230 08:15:55.372"/>
</kw>
<kw name="Run Keyword And Return Status" library="BuiltIn">
<var>${status}</var>
<arg>should not be equal</arg>
<arg>${title}</arg>
<arg>Logon</arg>
<doc>Runs the given keyword with given arguments and returns the status as a Boolean value.</doc>
<kw name="Should Not Be Equal" library="BuiltIn">
<arg>${title}</arg>
<arg>Logon</arg>
<doc>Fails if the given objects are equal.</doc>
<status status="PASS" starttime="20241230 08:15:55.372" endtime="20241230 08:15:55.372"/>
</kw>
<msg timestamp="20241230 08:15:55.372" level="INFO">${status} = True</msg>
<status status="PASS" starttime="20241230 08:15:55.372" endtime="20241230 08:15:55.372"/>
</kw>
<kw name="Run Keyword Unless" library="BuiltIn">
<arg>${status}</arg>
<arg>capture browser</arg>
<doc>Runs the given keyword with the given arguments if ``condition`` is false.</doc>
<status status="PASS" starttime="20241230 08:15:55.372" endtime="20241230 08:15:55.372"/>
</kw>
<kw name="Run Keyword Unless" library="BuiltIn">
<arg>${status}</arg>
<arg>FAIL</arg>
<arg>Stil on logon page after login actions</arg>
<doc>Runs the given keyword with the given arguments if ``condition`` is false.</doc>
<status status="PASS" starttime="20241230 08:15:55.372" endtime="20241230 08:15:55.372"/>
</kw>
<kw name="Wait Until With For Loop" library="general_functions">
<arg>${homePageIdentifier}</arg>
<doc>This keyword is used to wait on widget to be displayed, used arguments are widget and stop value:Maximum number of iterations
Use LogFailures=False when running with ignore error to avoid excessive logging and screenshots for something that is expected to fail</doc>
<kw name="Set Variable" library="BuiltIn">
<var>${Status}</var>
<arg>${False}</arg>
<doc>Returns the given values which can then be assigned to a variables.</doc>
<msg timestamp="20241230 08:15:55.372" level="INFO">${Status} = False</msg>
<status status="PASS" starttime="20241230 08:15:55.372" endtime="20241230 08:15:55.372"/>
</kw>
<for flavor="IN RANGE">
<var>${INDEX}</var>
<value>1</value>
<value>${Stop}</value>
<iter>
<var name="${INDEX}">1</var>
<kw name="Run Keyword And Return Status" library="BuiltIn">
<var>${Status}</var>
<arg>Wait Until Element Is Visible</arg>
<arg>${Widget}</arg>
<arg>0.5</arg>
<doc>Runs the given keyword with given arguments and returns the status as a Boolean value.</doc>
<kw name="Wait Until Element Is Visible" library="SeleniumLibrary">
<arg>${Widget}</arg>
<arg>0.5</arg>
<doc>Waits until the element ``locator`` is visible.</doc>
<status status="PASS" starttime="20241230 08:15:55.385" endtime="20241230 08:15:55.405"/>
</kw>
<msg timestamp="20241230 08:15:55.405" level="INFO">${Status} = True</msg>
<status status="PASS" starttime="20241230 08:15:55.385" endtime="20241230 08:15:55.405"/>
</kw>
<kw name="Return From Keyword If" library="BuiltIn">
<arg>${Status}</arg>
<doc>Returns from the enclosing user keyword if ``condition`` is true.</doc>
<msg timestamp="20241230 08:15:55.405" level="INFO">Returning from the enclosing user keyword.</msg>
<status status="PASS" starttime="20241230 08:15:55.405" endtime="20241230 08:15:55.405"/>
</kw>
<status status="PASS" starttime="20241230 08:15:55.372" endtime="20241230 08:15:55.405"/>
</iter>
<status status="PASS" starttime="20241230 08:15:55.372" endtime="20241230 08:15:55.405"/>
</for>
<status status="PASS" starttime="20241230 08:15:55.372" endtime="20241230 08:15:55.405"/>
</kw>
<status status="PASS" starttime="20241230 08:15:55.369" endtime="20241230 08:15:55.405"/>
</kw>
<kw name="Execute Javascript" library="SeleniumLibrary">
<arg>${SCRIPT}</arg>
<doc>Executes the given JavaScript code with possible arguments.</doc>
<msg timestamp="20241230 08:15:55.405" level="INFO">Executing JavaScript:
document.body.style.zoom = "100%"
Without any arguments.</msg>
<status status="PASS" starttime="20241230 08:15:55.405" endtime="20241230 08:15:55.418"/>
</kw>
<kw name="wait until pageloading spinner appears" library="leftnavigationbar">
<kw name="Set Variable" library="BuiltIn">
<var>${xpath}</var>
<arg>//div[@id="pageLoading"][contains(@style,"block")]/div[@class="spinner"]</arg>
<doc>Returns the given values which can then be assigned to a variables.</doc>
<msg timestamp="20241230 08:15:55.418" level="INFO">${xpath} = //div[@id="pageLoading"][contains(@style,"block")]/div[@class="spinner"]</msg>
<status status="PASS" starttime="20241230 08:15:55.418" endtime="20241230 08:15:55.418"/>
</kw>
<kw name="Get Element Count" library="SeleniumLibrary">
<var>${count}</var>
<arg>${xpath}</arg>
<doc>Returns the number of elements matching ``locator``.</doc>
<msg timestamp="20241230 08:15:55.434" level="INFO">${count} = 0</msg>
<status status="PASS" starttime="20241230 08:15:55.418" endtime="20241230 08:15:55.434"/>
</kw>
<kw name="Run Keyword If" library="BuiltIn">
<arg>${count} &gt; 0</arg>
<arg>return from keyword</arg>
<arg>${True}</arg>
<doc>Runs the given keyword with the given arguments, if ``condition`` is true.</doc>
<status status="PASS" starttime="20241230 08:15:55.434" endtime="20241230 08:15:55.434"/>
</kw>
<kw name="Check Element Exists With For Loop and Timeout" library="general_functions">
<var>${status}</var>
<arg>${xpath}</arg>
<arg>${NrOfLoops}</arg>
<arg>${Timeout}</arg>
<doc>Loops with timout of Timeout untill either element is found or max Range is reached
returns True if element was found, False if not, calling function should trigger error if necessary
Please note both the visible check and count can take 0.5 seconds so the entire loop time is around 1.5 seconds</doc>
<kw name="Set Variable" library="BuiltIn">
<var>${bVisible}</var>
<arg>${True}</arg>
<doc>Returns the given values which can then be assigned to a variables.</doc>
<msg timestamp="20241230 08:15:55.442" level="INFO">${bVisible} = True</msg>
<status status="PASS" starttime="20241230 08:15:55.434" endtime="20241230 08:15:55.442"/>
</kw>
<kw name="Evaluate" library="BuiltIn">
<var>${LastIndex}</var>
<arg>${Range}-1</arg>
<doc>Evaluates the given expression in Python and returns the result.</doc>
<msg timestamp="20241230 08:15:55.442" level="INFO">${LastIndex} = 19</msg>
<status status="PASS" starttime="20241230 08:15:55.442" endtime="20241230 08:15:55.442"/>
</kw>
<for flavor="IN RANGE">
<var>${INDEX}</var>
<value>1</value>
<value>${Range}</value>
<iter>
<var name="${INDEX}">1</var>
<kw name="Set Variable" library="BuiltIn">
<var>${bVisible}</var>
<arg>${True}</arg>
<doc>Returns the given values which can then be assigned to a variables.</doc>
<msg timestamp="20241230 08:15:55.442" level="INFO">${bVisible} = True</msg>
<status status="PASS" starttime="20241230 08:15:55.442" endtime="20241230 08:15:55.442"/>
</kw>
<kw name="Run Keyword And Return Status" library="BuiltIn">
<var>${EleVisibleStatus}</var>
<arg>Element Should Be Visible</arg>
<arg>${Locator}</arg>
<doc>Runs the given keyword with given arguments and returns the status as a Boolean value.</doc>
<kw name="Element Should Be Visible" library="SeleniumLibrary">
<arg>${Locator}</arg>
<doc>Verifies that the element identified by ``locator`` is visible.</doc>
<msg timestamp="20241230 08:15:55.453" level="FAIL">Element with locator '//div[@id="pageLoading"][contains(@style,"block")]/div[@class="spinner"]' not found.</msg>
<status status="FAIL" starttime="20241230 08:15:55.442" endtime="20241230 08:15:55.453"/>
</kw>
<msg timestamp="20241230 08:15:55.453" level="INFO">${EleVisibleStatus} = False</msg>
<status status="PASS" starttime="20241230 08:15:55.442" endtime="20241230 08:15:55.453"/>
</kw>
<kw name="Exit For Loop If" library="BuiltIn">
<arg>${EleVisibleStatus}</arg>
<doc>Stops executing the enclosing for loop if the ``condition`` is true.</doc>
<status status="PASS" starttime="20241230 08:15:55.453" endtime="20241230 08:15:55.453"/>
</kw>
<kw name="Get Element Count" library="SeleniumLibrary">
<var>${count}</var>
<arg>${Locator}</arg>
<doc>Returns the number of elements matching ``locator``.</doc>
<msg timestamp="20241230 08:15:55.469" level="INFO">${count} = 0</msg>
<status status="PASS" starttime="20241230 08:15:55.453" endtime="20241230 08:15:55.469"/>
</kw>
<kw name="Exit For Loop If" library="BuiltIn">
<arg>${bDoesNotHaveToBeDisplayed} and ${count} &gt; 0</arg>
<doc>Stops executing the enclosing for loop if the ``condition`` is true.</doc>
<status status="PASS" starttime="20241230 08:15:55.469" endtime="20241230 08:15:55.469"/>
</kw>
<kw name="Exit For Loop If" library="BuiltIn">
<arg>${INDEX} == ${LastIndex}</arg>
<doc>Stops executing the enclosing for loop if the ``condition`` is true.</doc>
<status status="PASS" starttime="20241230 08:15:55.469" endtime="20241230 08:15:55.469"/>
</kw>
<kw name="Sleep" library="BuiltIn">
<arg>${Timeout}</arg>
<doc>Pauses the test executed for the given time.</doc>
<msg timestamp="20241230 08:15:55.975" level="INFO">Slept 500 milliseconds</msg>
<status status="PASS" starttime="20241230 08:15:55.469" endtime="20241230 08:15:55.975"/>
</kw>
<kw name="Set Variable" library="BuiltIn">
<var>${bVisible}</var>
<arg>${False}</arg>
<doc>Returns the given values which can then be assigned to a variables.</doc>
<msg timestamp="20241230 08:15:55.975" level="INFO">${bVisible} = False</msg>
<status status="PASS" starttime="20241230 08:15:55.975" endtime="20241230 08:15:55.975"/>
</kw>
<status status="PASS" starttime="20241230 08:15:55.442" endtime="20241230 08:15:55.975"/>
</iter>
<iter>
<var name="${INDEX}">2</var>
<kw name="Set Variable" library="BuiltIn">
<var>${bVisible}</var>
<arg>${True}</arg>
<doc>Returns the given values which can then be assigned to a variables.</doc>
<msg timestamp="20241230 08:15:55.975" level="INFO">${bVisible} = True</msg>
<status status="PASS" starttime="20241230 08:15:55.975" endtime="20241230 08:15:55.975"/>
</kw>
<kw name="Run Keyword And Return Status" library="BuiltIn">
<var>${EleVisibleStatus}</var>
<arg>Element Should Be Visible</arg>
<arg>${Locator}</arg>
<doc>Runs the given keyword with given arguments and returns the status as a Boolean value.</doc>
<kw name="Element Should Be Visible" library="SeleniumLibrary">
<arg>${Locator}</arg>
<doc>Verifies that the element identified by ``locator`` is visible.</doc>
<msg timestamp="20241230 08:15:56.004" level="INFO">Element '//div[@id="pageLoading"][contains(@style,"block")]/div[@class="spinner"]' is displayed.</msg>
<status status="PASS" starttime="20241230 08:15:55.975" endtime="20241230 08:15:56.004"/>
</kw>
<msg timestamp="20241230 08:15:56.004" level="INFO">${EleVisibleStatus} = True</msg>
<status status="PASS" starttime="20241230 08:15:55.975" endtime="20241230 08:15:56.004"/>
</kw>
<kw name="Exit For Loop If" library="BuiltIn">
<arg>${EleVisibleStatus}</arg>
<doc>Stops executing the enclosing for loop if the ``condition`` is true.</doc>
<msg timestamp="20241230 08:15:56.004" level="INFO">Exiting for loop altogether.</msg>
<status status="PASS" starttime="20241230 08:15:56.004" endtime="20241230 08:15:56.004"/>
</kw>
<status status="PASS" starttime="20241230 08:15:55.975" endtime="20241230 08:15:56.004"/>
</iter>
<status status="PASS" starttime="20241230 08:15:55.442" endtime="20241230 08:15:56.004"/>
</for>
<kw name="Return From Keyword" library="BuiltIn">
<arg>${bVisible}</arg>
<doc>Returns from the enclosing user keyword.</doc>
<msg timestamp="20241230 08:15:56.004" level="INFO">Returning from the enclosing user keyword.</msg>
<status status="PASS" starttime="20241230 08:15:56.004" endtime="20241230 08:15:56.004"/>
</kw>
<msg timestamp="20241230 08:15:56.004" level="INFO">${status} = True</msg>
<status status="PASS" starttime="20241230 08:15:55.434" endtime="20241230 08:15:56.004"/>
</kw>
<kw name="Run Keyword Unless" library="BuiltIn">
<arg>${status}</arg>
<arg>log</arg>
<arg>Pageloading spinner not found after timeout, check if necessary</arg>
<doc>Runs the given keyword with the given arguments if ``condition`` is false.</doc>
<status status="PASS" starttime="20241230 08:15:56.004" endtime="20241230 08:15:56.015"/>
</kw>
<status status="PASS" starttime="20241230 08:15:55.418" endtime="20241230 08:15:56.015"/>
</kw>
<kw name="wait until pageloading spinner dissapears" library="leftnavigationbar">
<arg>NrOfLoops=240</arg>
<kw name="Set Variable" library="BuiltIn">
<var>${xpath}</var>
<arg>//div[@id="pageLoading"][not(contains(@style,"display: none"))]/div[@class="spinner"]</arg>
<doc>Returns the given values which can then be assigned to a variables.</doc>
<msg timestamp="20241230 08:15:56.015" level="INFO">${xpath} = //div[@id="pageLoading"][not(contains(@style,"display: none"))]/div[@class="spinner"]</msg>
<status status="PASS" starttime="20241230 08:15:56.015" endtime="20241230 08:15:56.015"/>
</kw>
<kw name="Check if spinner disappeared" library="leftnavigationbar">
<var>${bDisappeared}</var>
<arg>${xpath}</arg>
<arg>${NrOfLoops}</arg>
<arg>${Timeout}</arg>
<kw name="Get Element Count" library="SeleniumLibrary">
<var>${count}</var>
<arg>${Xpath}</arg>
<doc>Returns the number of elements matching ``locator``.</doc>
<msg timestamp="20241230 08:15:56.036" level="INFO">${count} = 1</msg>
<status status="PASS" starttime="20241230 08:15:56.021" endtime="20241230 08:15:56.036"/>
</kw>
<kw name="Run Keyword If" library="BuiltIn">
<arg>${count} &lt; 1</arg>
<arg>return from keyword</arg>
<arg>${True}</arg>
<doc>Runs the given keyword with the given arguments, if ``condition`` is true.</doc>
<status status="PASS" starttime="20241230 08:15:56.036" endtime="20241230 08:15:56.036"/>
</kw>
<for flavor="IN RANGE">
<var>${Index}</var>
<value>0</value>
<value>${NrOfLoops}</value>
<iter>
<var name="${Index}">0</var>
<kw name="Exit For Loop If" library="BuiltIn">
<arg>${count} &lt; 1</arg>
<doc>Stops executing the enclosing for loop if the ``condition`` is true.</doc>
<status status="PASS" starttime="20241230 08:15:56.036" endtime="20241230 08:15:56.036"/>
</kw>
<kw name="Sleep" library="BuiltIn">
<arg>${Timeout}</arg>
<doc>Pauses the test executed for the given time.</doc>
<msg timestamp="20241230 08:15:56.549" level="INFO">Slept 500 milliseconds</msg>
<status status="PASS" starttime="20241230 08:15:56.036" endtime="20241230 08:15:56.549"/>
</kw>
<kw name="Get Element Count" library="SeleniumLibrary">
<var>${count}</var>
<arg>${Xpath}</arg>
<doc>Returns the number of elements matching ``locator``.</doc>
<msg timestamp="20241230 08:15:56.552" level="INFO">${count} = 0</msg>
<status status="PASS" starttime="20241230 08:15:56.549" endtime="20241230 08:15:56.552"/>
</kw>
<status status="PASS" starttime="20241230 08:15:56.036" endtime="20241230 08:15:56.552"/>
</iter>
<iter>
<var name="${Index}">1</var>
<kw name="Exit For Loop If" library="BuiltIn">
<arg>${count} &lt; 1</arg>
<doc>Stops executing the enclosing for loop if the ``condition`` is true.</doc>
<msg timestamp="20241230 08:15:56.552" level="INFO">Exiting for loop altogether.</msg>
<status status="PASS" starttime="20241230 08:15:56.552" endtime="20241230 08:15:56.565"/>
</kw>
<status status="PASS" starttime="20241230 08:15:56.552" endtime="20241230 08:15:56.565"/>
</iter>
<status status="PASS" starttime="20241230 08:15:56.036" endtime="20241230 08:15:56.565"/>
</for>
<kw name="Run Keyword If" library="BuiltIn">
<arg>${count} &lt; 1</arg>
<arg>return from keyword</arg>
<arg>${True}</arg>
<doc>Runs the given keyword with the given arguments, if ``condition`` is true.</doc>
<kw name="Return From Keyword" library="BuiltIn">
<arg>${True}</arg>
<doc>Returns from the enclosing user keyword.</doc>
<msg timestamp="20241230 08:15:56.568" level="INFO">Returning from the enclosing user keyword.</msg>
<status status="PASS" starttime="20241230 08:15:56.568" endtime="20241230 08:15:56.568"/>
</kw>
<status status="PASS" starttime="20241230 08:15:56.565" endtime="20241230 08:15:56.568"/>
</kw>
<msg timestamp="20241230 08:15:56.568" level="INFO">${bDisappeared} = True</msg>
<status status="PASS" starttime="20241230 08:15:56.021" endtime="20241230 08:15:56.568"/>
</kw>
<kw name="Return From Keyword" library="BuiltIn">
<arg>${bDisappeared}</arg>
<doc>Returns from the enclosing user keyword.</doc>
<msg timestamp="20241230 08:15:56.568" level="INFO">Returning from the enclosing user keyword.</msg>
<status status="PASS" starttime="20241230 08:15:56.568" endtime="20241230 08:15:56.568"/>
</kw>
<status status="PASS" starttime="20241230 08:15:56.015" endtime="20241230 08:15:56.568"/>
</kw>
<kw name="wait until general grid loading spinner appears" library="leftnavigationbar">
<kw name="Set Variable" library="BuiltIn">
<var>${xpath}</var>
<arg>${LoadingSpinner_Dashboard}|//div[@class="k-loading-image"]</arg>
<doc>Returns the given values which can then be assigned to a variables.</doc>
<msg timestamp="20241230 08:15:56.568" level="INFO">${xpath} = //div[contains(@class,"sg-grid-loading")][not(contains(@class,"ng-hide"))]/div/div[@class="spinner"]|//div[@class="k-loading-image"]</msg>
<status status="PASS" starttime="20241230 08:15:56.568" endtime="20241230 08:15:56.568"/>
</kw>
<kw name="Get Element Count" library="SeleniumLibrary">
<var>${count}</var>
<arg>${xpath}</arg>
<doc>Returns the number of elements matching ``locator``.</doc>
<msg timestamp="20241230 08:15:56.584" level="INFO">${count} = 0</msg>
<status status="PASS" starttime="20241230 08:15:56.568" endtime="20241230 08:15:56.584"/>
</kw>
<kw name="Run Keyword If" library="BuiltIn">
<arg>${count} &gt; 0</arg>
<arg>return from keyword</arg>
<arg>${True}</arg>
<doc>Runs the given keyword with the given arguments, if ``condition`` is true.</doc>
<status status="PASS" starttime="20241230 08:15:56.584" endtime="20241230 08:15:56.584"/>
</kw>
<kw name="Check Element Exists With For Loop and Timeout" library="general_functions">
<var>${Status}</var>
<arg>${xpath}</arg>
<arg>${NrOfLoops}</arg>
<arg>${Timeout}</arg>
<doc>Loops with timout of Timeout untill either element is found or max Range is reached
returns True if element was found, False if not, calling function should trigger error if necessary
Please note both the visible check and count can take 0.5 seconds so the entire loop time is around 1.5 seconds</doc>
<kw name="Set Variable" library="BuiltIn">
<var>${bVisible}</var>
<arg>${True}</arg>
<doc>Returns the given values which can then be assigned to a variables.</doc>
<msg timestamp="20241230 08:15:56.584" level="INFO">${bVisible} = True</msg>
<status status="PASS" starttime="20241230 08:15:56.584" endtime="20241230 08:15:56.584"/>
</kw>
<kw name="Evaluate" library="BuiltIn">
<var>${LastIndex}</var>
<arg>${Range}-1</arg>
<doc>Evaluates the given expression in Python and returns the result.</doc>
<msg timestamp="20241230 08:15:56.584" level="INFO">${LastIndex} = 9</msg>
<status status="PASS" starttime="20241230 08:15:56.584" endtime="20241230 08:15:56.584"/>
</kw>
<for flavor="IN RANGE">
<var>${INDEX}</var>
<value>1</value>
<value>${Range}</value>
<iter>
<var name="${INDEX}">1</var>
<kw name="Set Variable" library="BuiltIn">
<var>${bVisible}</var>
<arg>${True}</arg>
<doc>Returns the given values which can then be assigned to a variables.</doc>
<msg timestamp="20241230 08:15:56.597" level="INFO">${bVisible} = True</msg>
<status status="PASS" starttime="20241230 08:15:56.597" endtime="20241230 08:15:56.597"/>
</kw>
<kw name="Run Keyword And Return Status" library="BuiltIn">
<var>${EleVisibleStatus}</var>
<arg>Element Should Be Visible</arg>
<arg>${Locator}</arg>
<doc>Runs the given keyword with given arguments and returns the status as a Boolean value.</doc>
<kw name="Element Should Be Visible" library="SeleniumLibrary">
<arg>${Locator}</arg>
<doc>Verifies that the element identified by ``locator`` is visible.</doc>
<msg timestamp="20241230 08:15:56.601" level="FAIL">Element with locator '//div[contains(@class,"sg-grid-loading")][not(contains(@class,"ng-hide"))]/div/div[@class="spinner"]|//div[@class="k-loading-image"]' not found.</msg>
<status status="FAIL" starttime="20241230 08:15:56.597" endtime="20241230 08:15:56.601"/>
</kw>
<msg timestamp="20241230 08:15:56.601" level="INFO">${EleVisibleStatus} = False</msg>
<status status="PASS" starttime="20241230 08:15:56.597" endtime="20241230 08:15:56.613"/>
</kw>
<kw name="Exit For Loop If" library="BuiltIn">
<arg>${EleVisibleStatus}</arg>
<doc>Stops executing the enclosing for loop if the ``condition`` is true.</doc>
<status status="PASS" starttime="20241230 08:15:56.613" endtime="20241230 08:15:56.613"/>
</kw>
<kw name="Get Element Count" library="SeleniumLibrary">
<var>${count}</var>
<arg>${Locator}</arg>
<doc>Returns the number of elements matching ``locator``.</doc>
<msg timestamp="20241230 08:15:56.617" level="INFO">${count} = 0</msg>
<status status="PASS" starttime="20241230 08:15:56.613" endtime="20241230 08:15:56.617"/>
</kw>
<kw name="Exit For Loop If" library="BuiltIn">
<arg>${bDoesNotHaveToBeDisplayed} and ${count} &gt; 0</arg>
<doc>Stops executing the enclosing for loop if the ``condition`` is true.</doc>
<status status="PASS" starttime="20241230 08:15:56.617" endtime="20241230 08:15:56.617"/>
</kw>
<kw name="Exit For Loop If" library="BuiltIn">
<arg>${INDEX} == ${LastIndex}</arg>
<doc>Stops executing the enclosing for loop if the ``condition`` is true.</doc>
<status status="PASS" starttime="20241230 08:15:56.629" endtime="20241230 08:15:56.629"/>
</kw>
<kw name="Sleep" library="BuiltIn">
<arg>${Timeout}</arg>
<doc>Pauses the test executed for the given time.</doc>
<msg timestamp="20241230 08:15:57.130" level="INFO">Slept 500 milliseconds</msg>
<status status="PASS" starttime="20241230 08:15:56.629" endtime="20241230 08:15:57.130"/>
</kw>
<kw name="Set Variable" library="BuiltIn">
<var>${bVisible}</var>
<arg>${False}</arg>
<doc>Returns the given values which can then be assigned to a variables.</doc>
<msg timestamp="20241230 08:15:57.130" level="INFO">${bVisible} = False</msg>
<status status="PASS" starttime="20241230 08:15:57.130" endtime="20241230 08:15:57.130"/>
</kw>
<status status="PASS" starttime="20241230 08:15:56.584" endtime="20241230 08:15:57.130"/>
</iter>
<iter>
<var name="${INDEX}">2</var>
<kw name="Set Variable" library="BuiltIn">
<var>${bVisible}</var>
<arg>${True}</arg>
<doc>Returns the given values which can then be assigned to a variables.</doc>
<msg timestamp="20241230 08:15:57.130" level="INFO">${bVisible} = True</msg>
<status status="PASS" starttime="20241230 08:15:57.130" endtime="20241230 08:15:57.130"/>
</kw>
<kw name="Run Keyword And Return Status" library="BuiltIn">
<var>${EleVisibleStatus}</var>
<arg>Element Should Be Visible</arg>
<arg>${Locator}</arg>
<doc>Runs the given keyword with given arguments and returns the status as a Boolean value.</doc>
<kw name="Element Should Be Visible" library="SeleniumLibrary">
<arg>${Locator}</arg>
<doc>Verifies that the element identified by ``locator`` is visible.</doc>
<msg timestamp="20241230 08:15:57.146" level="FAIL">Element with locator '//div[contains(@class,"sg-grid-loading")][not(contains(@class,"ng-hide"))]/div/div[@class="spinner"]|//div[@class="k-loading-image"]' not found.</msg>
<status status="FAIL" starttime="20241230 08:15:57.134" endtime="20241230 08:15:57.146"/>
</kw>
<msg timestamp="20241230 08:15:57.146" level="INFO">${EleVisibleStatus} = False</msg>
<status status="PASS" starttime="20241230 08:15:57.134" endtime="20241230 08:15:57.146"/>
</kw>
<kw name="Exit For Loop If" library="BuiltIn">
<arg>${EleVisibleStatus}</arg>
<doc>Stops executing the enclosing for loop if the ``condition`` is true.</doc>
<status status="PASS" starttime="20241230 08:15:57.146" endtime="20241230 08:15:57.150"/>
</kw>
<kw name="Get Element Count" library="SeleniumLibrary">
<var>${count}</var>
<arg>${Locator}</arg>
<doc>Returns the number of elements matching ``locator``.</doc>
<msg timestamp="20241230 08:15:57.150" level="INFO">${count} = 0</msg>
<status status="PASS" starttime="20241230 08:15:57.150" endtime="20241230 08:15:57.150"/>
</kw>
<kw name="Exit For Loop If" library="BuiltIn">
<arg>${bDoesNotHaveToBeDisplayed} and ${count} &gt; 0</arg>
<doc>Stops executing the enclosing for loop if the ``condition`` is true.</doc>
<status status="PASS" starttime="20241230 08:15:57.150" endtime="20241230 08:15:57.162"/>
</kw>
<kw name="Exit For Loop If" library="BuiltIn">
<arg>${INDEX} == ${LastIndex}</arg>
<doc>Stops executing the enclosing for loop if the ``condition`` is true.</doc>
<status status="PASS" starttime="20241230 08:15:57.162" endtime="20241230 08:15:57.162"/>
</kw>
<kw name="Sleep" library="BuiltIn">
<arg>${Timeout}</arg>
<doc>Pauses the test executed for the given time.</doc>
<msg timestamp="20241230 08:15:57.663" level="INFO">Slept 500 milliseconds</msg>
<status status="PASS" starttime="20241230 08:15:57.162" endtime="20241230 08:15:57.663"/>
</kw>
<kw name="Set Variable" library="BuiltIn">
<var>${bVisible}</var>
<arg>${False}</arg>
<doc>Returns the given values which can then be assigned to a variables.</doc>
<msg timestamp="20241230 08:15:57.663" level="INFO">${bVisible} = False</msg>
<status status="PASS" starttime="20241230 08:15:57.663" endtime="20241230 08:15:57.663"/>
</kw>
<status status="PASS" starttime="20241230 08:15:57.130" endtime="20241230 08:15:57.663"/>
</iter>
<iter>
<var name="${INDEX}">3</var>
<kw name="Set Variable" library="BuiltIn">
<var>${bVisible}</var>
<arg>${True}</arg>
<doc>Returns the given values which can then be assigned to a variables.</doc>
<msg timestamp="20241230 08:15:57.667" level="INFO">${bVisible} = True</msg>
<status status="PASS" starttime="20241230 08:15:57.667" endtime="20241230 08:15:57.667"/>
</kw>
<kw name="Run Keyword And Return Status" library="BuiltIn">
<var>${EleVisibleStatus}</var>
<arg>Element Should Be Visible</arg>
<arg>${Locator}</arg>
<doc>Runs the given keyword with given arguments and returns the status as a Boolean value.</doc>
<kw name="Element Should Be Visible" library="SeleniumLibrary">
<arg>${Locator}</arg>
<doc>Verifies that the element identified by ``locator`` is visible.</doc>
<msg timestamp="20241230 08:15:57.699" level="FAIL">Element with locator '//div[contains(@class,"sg-grid-loading")][not(contains(@class,"ng-hide"))]/div/div[@class="spinner"]|//div[@class="k-loading-image"]' not found.</msg>
<status status="FAIL" starttime="20241230 08:15:57.667" endtime="20241230 08:15:57.699"/>
</kw>
<msg timestamp="20241230 08:15:57.699" level="INFO">${EleVisibleStatus} = False</msg>
<status status="PASS" starttime="20241230 08:15:57.667" endtime="20241230 08:15:57.699"/>
</kw>
<kw name="Exit For Loop If" library="BuiltIn">
<arg>${EleVisibleStatus}</arg>
<doc>Stops executing the enclosing for loop if the ``condition`` is true.</doc>
<status status="PASS" starttime="20241230 08:15:57.699" endtime="20241230 08:15:57.699"/>
</kw>
<kw name="Get Element Count" library="SeleniumLibrary">
<var>${count}</var>
<arg>${Locator}</arg>
<doc>Returns the number of elements matching ``locator``.</doc>
<msg timestamp="20241230 08:15:57.716" level="INFO">${count} = 0</msg>
<status status="PASS" starttime="20241230 08:15:57.699" endtime="20241230 08:15:57.716"/>
</kw>
<kw name="Exit For Loop If" library="BuiltIn">
<arg>${bDoesNotHaveToBeDisplayed} and ${count} &gt; 0</arg>
<doc>Stops executing the enclosing for loop if the ``condition`` is true.</doc>
<status status="PASS" starttime="20241230 08:15:57.716" endtime="20241230 08:15:57.716"/>
</kw>
<kw name="Exit For Loop If" library="BuiltIn">
<arg>${INDEX} == ${LastIndex}</arg>
<doc>Stops executing the enclosing for loop if the ``condition`` is true.</doc>
<status status="PASS" starttime="20241230 08:15:57.716" endtime="20241230 08:15:57.716"/>
</kw>
<kw name="Sleep" library="BuiltIn">
<arg>${Timeout}</arg>
<doc>Pauses the test executed for the given time.</doc>
<msg timestamp="20241230 08:15:58.228" level="INFO">Slept 500 milliseconds</msg>
<status status="PASS" starttime="20241230 08:15:57.716" endtime="20241230 08:15:58.228"/>
</kw>
<kw name="Set Variable" library="BuiltIn">
<var>${bVisible}</var>
<arg>${False}</arg>
<doc>Returns the given values which can then be assigned to a variables.</doc>
<msg timestamp="20241230 08:15:58.228" level="INFO">${bVisible} = False</msg>
<status status="PASS" starttime="20241230 08:15:58.228" endtime="20241230 08:15:58.228"/>
</kw>
<status status="PASS" starttime="20241230 08:15:57.663" endtime="20241230 08:15:58.228"/>
</iter>
<iter>
<var name="${INDEX}">4</var>
<kw name="Set Variable" library="BuiltIn">
<var>${bVisible}</var>
<arg>${True}</arg>
<doc>Returns the given values which can then be assigned to a variables.</doc>
<msg timestamp="20241230 08:15:58.233" level="INFO">${bVisible} = True</msg>
<status status="PASS" starttime="20241230 08:15:58.233" endtime="20241230 08:15:58.233"/>
</kw>
<kw name="Run Keyword And Return Status" library="BuiltIn">
<var>${EleVisibleStatus}</var>
<arg>Element Should Be Visible</arg>
<arg>${Locator}</arg>
<doc>Runs the given keyword with given arguments and returns the status as a Boolean value.</doc>
<kw name="Element Should Be Visible" library="SeleniumLibrary">
<arg>${Locator}</arg>
<doc>Verifies that the element identified by ``locator`` is visible.</doc>
<msg timestamp="20241230 08:15:58.245" level="FAIL">Element with locator '//div[contains(@class,"sg-grid-loading")][not(contains(@class,"ng-hide"))]/div/div[@class="spinner"]|//div[@class="k-loading-image"]' not found.</msg>
<status status="FAIL" starttime="20241230 08:15:58.233" endtime="20241230 08:15:58.245"/>
</kw>
<msg timestamp="20241230 08:15:58.248" level="INFO">${EleVisibleStatus} = False</msg>
<status status="PASS" starttime="20241230 08:15:58.233" endtime="20241230 08:15:58.248"/>
</kw>
<kw name="Exit For Loop If" library="BuiltIn">
<arg>${EleVisibleStatus}</arg>
<doc>Stops executing the enclosing for loop if the ``condition`` is true.</doc>
<status status="PASS" starttime="20241230 08:15:58.248" endtime="20241230 08:15:58.248"/>
</kw>
<kw name="Get Element Count" library="SeleniumLibrary">
<var>${count}</var>
<arg>${Locator}</arg>
<doc>Returns the number of elements matching ``locator``.</doc>
<msg timestamp="20241230 08:15:58.248" level="INFO">${count} = 0</msg>
<status status="PASS" starttime="20241230 08:15:58.248" endtime="20241230 08:15:58.248"/>
</kw>
<kw name="Exit For Loop If" library="BuiltIn">
<arg>${bDoesNotHaveToBeDisplayed} and ${count} &gt; 0</arg>
<doc>Stops executing the enclosing for loop if the ``condition`` is true.</doc>
<status status="PASS" starttime="20241230 08:15:58.261" endtime="20241230 08:15:58.261"/>
</kw>
<kw name="Exit For Loop If" library="BuiltIn">
<arg>${INDEX} == ${LastIndex}</arg>
<doc>Stops executing the enclosing for loop if the ``condition`` is true.</doc>
<status status="PASS" starttime="20241230 08:15:58.261" endtime="20241230 08:15:58.261"/>
</kw>
<kw name="Sleep" library="BuiltIn">
<arg>${Timeout}</arg>
<doc>Pauses the test executed for the given time.</doc>
<msg timestamp="20241230 08:15:58.778" level="INFO">Slept 500 milliseconds</msg>
<status status="PASS" starttime="20241230 08:15:58.264" endtime="20241230 08:15:58.778"/>
</kw>
<kw name="Set Variable" library="BuiltIn">
<var>${bVisible}</var>
<arg>${False}</arg>
<doc>Returns the given values which can then be assigned to a variables.</doc>
<msg timestamp="20241230 08:15:58.778" level="INFO">${bVisible} = False</msg>
<status status="PASS" starttime="20241230 08:15:58.778" endtime="20241230 08:15:58.778"/>
</kw>
<status status="PASS" starttime="20241230 08:15:58.228" endtime="20241230 08:15:58.778"/>
</iter>
<iter>
<var name="${INDEX}">5</var>
<kw name="Set Variable" library="BuiltIn">
<var>${bVisible}</var>
<arg>${True}</arg>
<doc>Returns the given values which can then be assigned to a variables.</doc>
<msg timestamp="20241230 08:15:58.778" level="INFO">${bVisible} = True</msg>
<status status="PASS" starttime="20241230 08:15:58.778" endtime="20241230 08:15:58.778"/>
</kw>
<kw name="Run Keyword And Return Status" library="BuiltIn">
<var>${EleVisibleStatus}</var>
<arg>Element Should Be Visible</arg>
<arg>${Locator}</arg>
<doc>Runs the given keyword with given arguments and returns the status as a Boolean value.</doc>
<kw name="Element Should Be Visible" library="SeleniumLibrary">
<arg>${Locator}</arg>
<doc>Verifies that the element identified by ``locator`` is visible.</doc>
<msg timestamp="20241230 08:15:59.428" level="FAIL">Element with locator '//div[contains(@class,"sg-grid-loading")][not(contains(@class,"ng-hide"))]/div/div[@class="spinner"]|//div[@class="k-loading-image"]' not found.</msg>
<status status="FAIL" starttime="20241230 08:15:58.778" endtime="20241230 08:15:59.428"/>
</kw>
<msg timestamp="20241230 08:15:59.428" level="INFO">${EleVisibleStatus} = False</msg>
<status status="PASS" starttime="20241230 08:15:58.778" endtime="20241230 08:15:59.428"/>
</kw>
<kw name="Exit For Loop If" library="BuiltIn">
<arg>${EleVisibleStatus}</arg>
<doc>Stops executing the enclosing for loop if the ``condition`` is true.</doc>
<status status="PASS" starttime="20241230 08:15:59.428" endtime="20241230 08:15:59.428"/>
</kw>
<kw name="Get Element Count" library="SeleniumLibrary">
<var>${count}</var>
<arg>${Locator}</arg>
<doc>Returns the number of elements matching ``locator``.</doc>
<msg timestamp="20241230 08:15:59.443" level="INFO">${count} = 0</msg>
<status status="PASS" starttime="20241230 08:15:59.428" endtime="20241230 08:15:59.443"/>
</kw>
<kw name="Exit For Loop If" library="BuiltIn">
<arg>${bDoesNotHaveToBeDisplayed} and ${count} &gt; 0</arg>
<doc>Stops executing the enclosing for loop if the ``condition`` is true.</doc>
<status status="PASS" starttime="20241230 08:15:59.443" endtime="20241230 08:15:59.443"/>
</kw>
<kw name="Exit For Loop If" library="BuiltIn">
<arg>${INDEX} == ${LastIndex}</arg>
<doc>Stops executing the enclosing for loop if the ``condition`` is true.</doc>
<status status="PASS" starttime="20241230 08:15:59.443" endtime="20241230 08:15:59.443"/>
</kw>
<kw name="Sleep" library="BuiltIn">
<arg>${Timeout}</arg>
<doc>Pauses the test executed for the given time.</doc>
<msg timestamp="20241230 08:15:59.945" level="INFO">Slept 500 milliseconds</msg>
<status status="PASS" starttime="20241230 08:15:59.443" endtime="20241230 08:15:59.945"/>
</kw>
<kw name="Set Variable" library="BuiltIn">
<var>${bVisible}</var>
<arg>${False}</arg>
<doc>Returns the given values which can then be assigned to a variables.</doc>
<msg timestamp="20241230 08:15:59.945" level="INFO">${bVisible} = False</msg>
<status status="PASS" starttime="20241230 08:15:59.945" endtime="20241230 08:15:59.945"/>
</kw>
<status status="PASS" starttime="20241230 08:15:58.778" endtime="20241230 08:15:59.945"/>
</iter>
<iter>
<var name="${INDEX}">6</var>
<kw name="Set Variable" library="BuiltIn">
<var>${bVisible}</var>
<arg>${True}</arg>
<doc>Returns the given values which can then be assigned to a variables.</doc>
<msg timestamp="20241230 08:15:59.945" level="INFO">${bVisible} = True</msg>
<status status="PASS" starttime="20241230 08:15:59.945" endtime="20241230 08:15:59.945"/>
</kw>
<kw name="Run Keyword And Return Status" library="BuiltIn">
<var>${EleVisibleStatus}</var>
<arg>Element Should Be Visible</arg>
<arg>${Locator}</arg>
<doc>Runs the given keyword with given arguments and returns the status as a Boolean value.</doc>
<kw name="Element Should Be Visible" library="SeleniumLibrary">
<arg>${Locator}</arg>
<doc>Verifies that the element identified by ``locator`` is visible.</doc>
<msg timestamp="20241230 08:15:59.965" level="FAIL">Element with locator '//div[contains(@class,"sg-grid-loading")][not(contains(@class,"ng-hide"))]/div/div[@class="spinner"]|//div[@class="k-loading-image"]' not found.</msg>
<status status="FAIL" starttime="20241230 08:15:59.945" endtime="20241230 08:15:59.965"/>
</kw>
<msg timestamp="20241230 08:15:59.965" level="INFO">${EleVisibleStatus} = False</msg>
<status status="PASS" starttime="20241230 08:15:59.945" endtime="20241230 08:15:59.965"/>
</kw>
<kw name="Exit For Loop If" library="BuiltIn">
<arg>${EleVisibleStatus}</arg>
<doc>Stops executing the enclosing for loop if the ``condition`` is true.</doc>
<status status="PASS" starttime="20241230 08:15:59.965" endtime="20241230 08:15:59.965"/>
</kw>
<kw name="Get Element Count" library="SeleniumLibrary">
<var>${count}</var>
<arg>${Locator}</arg>
<doc>Returns the number of elements matching ``locator``.</doc>
<msg timestamp="20241230 08:15:59.972" level="INFO">${count} = 0</msg>
<status status="PASS" starttime="20241230 08:15:59.965" endtime="20241230 08:15:59.972"/>
</kw>
<kw name="Exit For Loop If" library="BuiltIn">
<arg>${bDoesNotHaveToBeDisplayed} and ${count} &gt; 0</arg>
<doc>Stops executing the enclosing for loop if the ``condition`` is true.</doc>
<status status="PASS" starttime="20241230 08:15:59.980" endtime="20241230 08:15:59.980"/>
</kw>
<kw name="Exit For Loop If" library="BuiltIn">
<arg>${INDEX} == ${LastIndex}</arg>
<doc>Stops executing the enclosing for loop if the ``condition`` is true.</doc>
<status status="PASS" starttime="20241230 08:15:59.980" endtime="20241230 08:15:59.980"/>
</kw>
<kw name="Sleep" library="BuiltIn">
<arg>${Timeout}</arg>
<doc>Pauses the test executed for the given time.</doc>
<msg timestamp="20241230 08:16:00.490" level="INFO">Slept 500 milliseconds</msg>
<status status="PASS" starttime="20241230 08:15:59.980" endtime="20241230 08:16:00.490"/>
</kw>
<kw name="Set Variable" library="BuiltIn">
<var>${bVisible}</var>
<arg>${False}</arg>
<doc>Returns the given values which can then be assigned to a variables.</doc>
<msg timestamp="20241230 08:16:00.490" level="INFO">${bVisible} = False</msg>
<status status="PASS" starttime="20241230 08:16:00.490" endtime="20241230 08:16:00.490"/>
</kw>
[...]
<status status="PASS" starttime="20241230 08:17:48.152" endtime="20241230 08:17:48.152"/>
</kw>
<kw name="Set Variable" library="BuiltIn">
<var>${returnString}</var>
<arg>Suite Setup or Teardown of ${CurrentSuite}:</arg>
<doc>Returns the given values which can then be assigned to a variables.</doc>
<msg timestamp="20241230 08:17:48.152" level="INFO">${returnString} = Suite Setup or Teardown of Test Suites.89 Sanitychecks.Listsandstaticsegments:</msg>
<status status="PASS" starttime="20241230 08:17:48.152" endtime="20241230 08:17:48.152"/>
</kw>
<kw name="Run Keyword If" library="BuiltIn">
<arg>${bSuiteSetupOrTeardown} and not ${bPrevTestFound}</arg>
<arg>return from keyword</arg>
<arg>${returnString}</arg>
<doc>Runs the given keyword with the given arguments, if ``condition`` is true.</doc>
<status status="PASS" starttime="20241230 08:17:48.152" endtime="20241230 08:17:48.152"/>
</kw>
<kw name="Set Variable" library="BuiltIn">
<var>${returnString}</var>
<arg>Suite Setup or Teardown of ${CurrentSuite} - After Test ${PrevTestName}:</arg>
<doc>Returns the given values which can then be assigned to a variables.</doc>
<msg timestamp="20241230 08:17:48.152" level="INFO">${returnString} = Suite Setup or Teardown of Test Suites.89 Sanitychecks.Listsandstaticsegments - After Test Create_List:</msg>
<status status="PASS" starttime="20241230 08:17:48.152" endtime="20241230 08:17:48.152"/>
</kw>
<kw name="Run Keyword If" library="BuiltIn">
<arg>${bSuiteSetupOrTeardown}</arg>
<arg>return from keyword</arg>
<arg>${returnString}</arg>
<doc>Runs the given keyword with the given arguments, if ``condition`` is true.</doc>
<kw name="Return From Keyword" library="BuiltIn">
<arg>${returnString}</arg>
<doc>Returns from the enclosing user keyword.</doc>
<msg timestamp="20241230 08:17:48.152" level="INFO">Returning from the enclosing user keyword.</msg>
<status status="PASS" starttime="20241230 08:17:48.152" endtime="20241230 08:17:48.152"/>
</kw>
<status status="PASS" starttime="20241230 08:17:48.152" endtime="20241230 08:17:48.152"/>
</kw>
<msg timestamp="20241230 08:17:48.152" level="INFO">${CurrentTestInfo} = Suite Setup or Teardown of Test Suites.89 Sanitychecks.Listsandstaticsegments - After Test Create_List:</msg>
<status status="PASS" starttime="20241230 08:17:48.055" endtime="20241230 08:17:48.152"/>
</kw>
<kw name="Compare Strings" library="generalfunctions">
<var>${bIsCleanup}</var>
<arg>${CurrentTestInfo}</arg>
<arg>zzCleanupJourneys</arg>
<arg>Yes</arg>
<arg>Yes</arg>
<doc>Gdu: Compare 2 strings and return true if they match, return false if they don't match
Arguments:  boolean bIgnoreCase:    Yes means function will return true even if the cases don't match
            boolean bContains:  Yes means function will return true if stringOne contains stringTwo
            stringOne:  the first string that may or may not contain stringTwo
            stringTwo:  the string that can match (part of) stringOne</doc>
<msg timestamp="20241230 08:17:48.152" level="INFO">${bIsCleanup} = False</msg>
<status status="PASS" starttime="20241230 08:17:48.152" endtime="20241230 08:17:48.152"/>
</kw>
<kw name="Run Keyword If" library="BuiltIn">
<arg>not ${bIsCleanup} and not ${bResponseNotFound} and not ${bCodeOK}</arg>
<arg>log</arg>
<arg>${CurrentTestInfo} Failed to delete ${Listname}, error code ${resp.status_code}, response '${resp.text}'</arg>
<arg>ERROR</arg>
<doc>Runs the given keyword with the given arguments, if ``condition`` is true.</doc>
<status status="PASS" starttime="20241230 08:17:48.152" endtime="20241230 08:17:48.152"/>
</kw>
<kw name="Run Keyword If" library="BuiltIn">
<arg>${bResponseUnexpectedError} and ${iRetry} &gt; 0</arg>
<arg>sleep</arg>
<arg>2</arg>
<doc>Runs the given keyword with the given arguments, if ``condition`` is true.</doc>
<status status="PASS" starttime="20241230 08:17:48.152" endtime="20241230 08:17:48.152"/>
</kw>
<kw name="Run Keyword If" library="BuiltIn">
<arg>${bResponseUnexpectedError} and ${iRetry} &gt; 0</arg>
<arg>run keyword and ignore error</arg>
<arg>Delete Lists via API</arg>
<arg>${Listname}</arg>
<arg>${org}</arg>
<arg>iRetry=${0}</arg>
<doc>Runs the given keyword with the given arguments, if ``condition`` is true.</doc>
<status status="PASS" starttime="20241230 08:17:48.152" endtime="20241230 08:17:48.152"/>
</kw>
<kw name="Should Not Be True" library="BuiltIn">
<arg>${bResponseErrorFound}</arg>
<arg>Response text contains ERROR: ${resp.text}</arg>
<doc>Fails if the given condition is true.</doc>
<status status="PASS" starttime="20241230 08:17:48.152" endtime="20241230 08:17:48.200"/>
</kw>
<kw name="Should Be True" library="BuiltIn">
<arg>${bCodeOK}</arg>
<arg>Response code for Delete List was ${resp.status_code} and not expected 200</arg>
<doc>Fails if the given condition is not true.</doc>
<status status="PASS" starttime="20241230 08:17:48.200" endtime="20241230 08:17:48.217"/>
</kw>
<status status="PASS" starttime="20241230 08:17:47.207" endtime="20241230 08:17:48.217"/>
</kw>
<status status="PASS" starttime="20241230 08:17:47.203" endtime="20241230 08:17:48.217"/>
</kw>
<kw name="Run Keyword And Ignore Error" library="BuiltIn">
<arg>Delete Segment Via API</arg>
<arg>${SegmentListName}</arg>
<arg>${StaticSegmentCSV}_${d}</arg>
<doc>Runs the given keyword with the given arguments and ignores possible error.</doc>
<kw name="Delete Segment Via API" library="list_usecases">
<arg>${SegmentListName}</arg>
<arg>${StaticSegmentCSV}_${d}</arg>
<doc>Deletes specified segment of given list</doc>
<kw name="Create Session No Logging" library="general_functions">
<arg>Api_DelSegm</arg>
<arg>${URL}/api/</arg>
<arg>${headers}</arg>
<arg>max_retries=${Api_Max_Retries}</arg>
<arg>disable_warnings=${Api_Disable_Warnings}</arg>
<arg>timeout=${Api_Default_Timout}</arg>
<kw name="Set Log Level" library="BuiltIn">
<arg>NONE</arg>
<doc>Sets the log threshold to the specified level and returns the old level.</doc>
<status status="PASS" starttime="20241230 08:17:48.233" endtime="20241230 08:17:48.233"/>
</kw>
<kw name="Create Dictionary" library="BuiltIn">
<var>&amp;{empty_headers}</var>
<doc>Creates and returns a dictionary based on the given ``items``.</doc>
<status status="PASS" starttime="20241230 08:17:48.233" endtime="20241230 08:17:48.233"/>
</kw>
<kw name="Set Variable If" library="BuiltIn">
<var>${headers}</var>
<arg>${headers} == ${None}</arg>
<arg>${empty_headers}</arg>
<arg>${headers}</arg>
<doc>Sets variable based on the given condition.</doc>
<status status="PASS" starttime="20241230 08:17:48.233" endtime="20241230 08:17:48.233"/>
</kw>
<kw name="Run Keyword And Continue On Failure" library="BuiltIn">
<arg>create session</arg>
<arg>alias=${alias}</arg>
<arg>url=${url}</arg>
<arg>headers=${headers}</arg>
<arg>cookies=${cookies}</arg>
<arg>auth=${auth}</arg>
<arg>timeout=${timeout}</arg>
<arg>proxies=${proxies}</arg>
<arg>verify=${verify}</arg>
<arg>debug=${debug}</arg>
<arg>max_retries=${max_retries}</arg>
<arg>backoff_factor=${backoff_factor}</arg>
<arg>disable_warnings=${disable_warnings}</arg>
<doc>Runs the keyword and continues execution even if a failure occurs.</doc>
<kw name="Create Session" library="RequestsLibrary">
<arg>alias=${alias}</arg>
<arg>url=${url}</arg>
<arg>headers=${headers}</arg>
<arg>cookies=${cookies}</arg>
<arg>auth=${auth}</arg>
<arg>timeout=${timeout}</arg>
<arg>proxies=${proxies}</arg>
<arg>verify=${verify}</arg>
<arg>debug=${debug}</arg>
<arg>max_retries=${max_retries}</arg>
<arg>backoff_factor=${backoff_factor}</arg>
<arg>disable_warnings=${disable_warnings}</arg>
<doc>Create Session: create a HTTP session to a server</doc>
<status status="PASS" starttime="20241230 08:17:48.233" endtime="20241230 08:17:48.233"/>
</kw>
<status status="PASS" starttime="20241230 08:17:48.233" endtime="20241230 08:17:48.233"/>
</kw>
<kw name="Set Log Level" library="BuiltIn">
<arg>INFO</arg>
<doc>Sets the log threshold to the specified level and returns the old level.</doc>
<msg timestamp="20241230 08:17:48.233" level="INFO">Log level changed from NONE to INFO.</msg>
<status status="PASS" starttime="20241230 08:17:48.233" endtime="20241230 08:17:48.233"/>
</kw>
<status status="PASS" starttime="20241230 08:17:48.233" endtime="20241230 08:17:48.233"/>
</kw>
<kw name="Delete On Session" library="RequestsLibrary">
<var>${resp}</var>
<arg>Api_DelSegm</arg>
<arg>/organizations/${ORGANISATION}/lists/${ListAPIName}/segments/${SegmentNameAPI}</arg>
<doc>Sends a DELETE request on a previously created HTTP Session.</doc>
<msg timestamp="20241230 08:17:48.413" level="INFO">DELETE Request : url=https://test.slgnt.io/Portal/api/organizations/QA_automatic_testing/lists/Automation_DONOTUSE_SegmentList/segments/Automation_ListStaticSeg_CSV_1735542964 
 path_url=/Portal/api/organizations/QA_automatic_testing/lists/Automation_DONOTUSE_SegmentList/segments/Automation_ListStaticSeg_CSV_1735542964 
 headers={'User-Agent': 'python-requests/2.26.0', 'Accept-Encoding': 'gzip, deflate', 'Accept': 'application/json', 'Connection': 'keep-alive', 'x-apikey': 'gfF37uycuwJLlau2AzHKMrxp3uHCOWxKvcus1pc09eU=:r7m4WxcsJJMzhHpYYzsUdT0PL194XBcc9DBGx3yJtG4=', 'Content-Type': 'application/json', 'Content-Length': '0'} 
 body=None 
 </msg>
<msg timestamp="20241230 08:17:48.413" level="INFO">DELETE Response : url=https://test.slgnt.io/Portal/api/organizations/QA_automatic_testing/lists/Automation_DONOTUSE_SegmentList/segments/Automation_ListStaticSeg_CSV_1735542964 
 status=400, reason=Bad Request 
 headers={'Date': 'Mon, 30 Dec 2024 07:17:46 GMT', 'Content-Type': 'application/json; charset=utf-8', 'Content-Length': '216', 'Connection': 'keep-alive', 'Cache-Control': 'no-cache', 'pragma': 'no-cache', 'expires': '-1', 'x-ratelimit-limit': '2500, 2500;w=60', 'x-ratelimit-remaining': '2497', 'x-ratelimit-reset': '60', 'x-activity-id': '2e5b0cd8-21c9-474e-a77a-783594de5a7d', 'x-operation-id': 'c41e3fce096e1764a3ce7d8e49d21c80', 'request-context': 'appId=cid-v1:bf05a8da-00d7-4a65-a5de-c0345ac655c4', 'access-control-expose-headers': 'Request-Context', 'x-content-type-options': 'nosniff', 'strict-transport-security': 'max-age=31536000; includeSubdomains', 'referrer-policy': 'strict-origin', 'x-xss-protection': '1; mode=block', 'CF-Cache-Status': 'DYNAMIC', 'Server': 'cloudflare', 'CF-RAY': '8fa04086f93aef49-LHR'} 
 body={
  "errors": [
    {
      "error_code": "LIST_VALIDATION_APISEGMENTNOTFOUND",
      "description": "Segment with specified API name does not exist"
    }
  ],
  "result_code": "Failed",
  "message": null
} 
 </msg>
<msg timestamp="20241230 08:17:48.413" level="INFO">${resp} = None</msg>
<msg timestamp="20241230 08:17:48.413" level="FAIL">HTTPError: 400 Client Error: Bad Request for url: https://test.slgnt.io/Portal/api/organizations/QA_automatic_testing/lists/Automation_DONOTUSE_SegmentList/segments/Automation_ListStaticSeg_CSV_1735542964</msg>
<status status="FAIL" starttime="20241230 08:17:48.233" endtime="20241230 08:17:48.425"/>
</kw>
<kw name="Delete All Sessions" library="RequestsLibrary">
<doc>Removes all the session objects</doc>
<msg timestamp="20241230 08:17:48.425" level="INFO">Deleting All Sessions</msg>
<status status="PASS" starttime="20241230 08:17:48.425" endtime="20241230 08:17:48.425"/>
</kw>
<kw name="Should Be Equal As Strings" library="BuiltIn">
<arg>${resp.status_code}</arg>
<arg>200</arg>
<arg>Delete Segment Via API failed with ${resp.text}</arg>
<doc>Fails if objects are unequal after converting them to strings.</doc>
<msg timestamp="20241230 08:17:48.445" level="FAIL">Resolving variable '${resp.status_code}' failed: AttributeError: 'NoneType' object has no attribute 'status_code'</msg>
<status status="FAIL" starttime="20241230 08:17:48.425" endtime="20241230 08:17:48.445"/>
</kw>
<kw name="Should Not Contain" library="BuiltIn">
<arg>${resp.text}</arg>
<arg>"error_code": "ERROR",</arg>
<doc>Fails if ``container`` contains ``item`` one or more times.</doc>
<msg timestamp="20241230 08:17:48.478" level="FAIL">Resolving variable '${resp.text}' failed: AttributeError: 'NoneType' object has no attribute 'text'</msg>
<status status="FAIL" starttime="20241230 08:17:48.445" endtime="20241230 08:17:48.478"/>
</kw>
<status status="FAIL" starttime="20241230 08:17:48.232" endtime="20241230 08:17:48.478"/>
</kw>
<status status="PASS" starttime="20241230 08:17:48.217" endtime="20241230 08:17:48.478"/>
</kw>
<kw name="Close Browser and end TestCase" library="topheaderbar">
<doc>This keyword is used to close the browser at the end of the TC</doc>
<kw name="Set Selenium Speed" library="SeleniumLibrary">
<arg>0</arg>
<doc>Sets the delay that is waited after each Selenium command.</doc>
<status status="PASS" starttime="20241230 08:17:48.490" endtime="20241230 08:17:48.490"/>
</kw>
<kw name="Close All Browsers" library="SeleniumLibrary">
<doc>Closes all open browsers and resets the browser cache.</doc>
<status status="PASS" starttime="20241230 08:17:48.490" endtime="20241230 08:17:53.126"/>
</kw>
<status status="PASS" starttime="20241230 08:17:48.478" endtime="20241230 08:17:53.126"/>
</kw>
<status status="PASS" starttime="20241230 08:17:47.199" endtime="20241230 08:17:53.126"/>
</kw>
<doc>Tests to validate that the content creation/publish working</doc>
<status status="FAIL" starttime="20241230 08:16:03.934" endtime="20241230 08:17:53.126"/>
</suite>
<status status="FAIL" starttime="20241230 08:16:03.931" endtime="20241230 08:17:53.126"/>
</suite>
<kw name="Execute on Suite Teardown" type="TEARDOWN">
<kw name="Run Keyword" library="BuiltIn">
<arg>Move Screenshots To Generate Final Report</arg>
<doc>Executes the given keyword with the given arguments.</doc>
<kw name="Move Screenshots To Generate Final Report">
<kw name="Evaluate" library="BuiltIn">
<var>${system}</var>
<arg>platform.system()</arg>
<arg>platform</arg>
<doc>Evaluates the given expression in Python and returns the result.</doc>
<msg timestamp="20241230 08:17:53.141" level="INFO">${system} = Windows</msg>
<status status="PASS" starttime="20241230 08:17:53.141" endtime="20241230 08:17:53.141"/>
</kw>
<kw name="Run Keyword If" library="BuiltIn">
<arg>'${system}' == 'Windows'</arg>
<arg>Move Screenshots Via Run Process</arg>
<arg>Powershell.exe</arg>
<arg>ELSE</arg>
<arg>Move Screenshots Via Run Process</arg>
<arg>pwsh</arg>
<doc>Runs the given keyword with the given arguments, if ``condition`` is true.</doc>
<kw name="Move Screenshots Via Run Process">
<arg>Powershell.exe</arg>
<kw name="Run Process" library="Process">
<var>${process_result}</var>
<arg>${process}</arg>
<arg>X:\\Tests\\Automation\\test_suites\\Rebase-Testoutput.ps1</arg>
<doc>Runs a process and waits for it to complete.</doc>
<msg timestamp="20241230 08:17:53.141" level="INFO">Starting process:
Powershell.exe X:\Tests\Automation\test_suites\Rebase-Testoutput.ps1</msg>
<msg timestamp="20241230 08:17:53.157" level="INFO">Waiting for process to complete.</msg>
<msg timestamp="20241230 08:17:54.078" level="INFO">Process completed.</msg>
<msg timestamp="20241230 08:17:54.078" level="INFO">${process_result} = &lt;result object with rc 0&gt;</msg>
<status status="PASS" starttime="20241230 08:17:53.141" endtime="20241230 08:17:54.078"/>
</kw>
<kw name="Log" library="BuiltIn">
<arg>${process_result.stdout}</arg>
<doc>Logs the given message with the given level.</doc>
<msg timestamp="20241230 08:17:54.115" level="INFO">=============================
= Screenshot move for Robot =
=============================
 This actions is needed due that Robot isn't taking the path into account where the original screenshot is stored.

 Example: 
   - Image is stored in
       .../Test.Automation/output/pabot_results/47/screenshots/Test Suites.08 Library.Files Sorting/selenium-screenshot-1.png
   - Intermediate report XML is stored in
       .../Test.Automation/output/pabot_results/47/output.xml
   - Intermediate report XML contains this reference to the image:
       screenshots/Test Suites.08 Library.Files Sorting/selenium-screenshot-1.png

 Due to this issue when Robot creates the final report. It will break all references to the screenshots.
 To fix this we need to move all images to the root folder.

WARNING:  !!! The screenshot folder setup is needed for the Automation run handled by K8S on Azure to merge multiple runs into one report. !!!


 Executing the move
 ------------------
 Get-ChildItem 'X:\Tests\Automation\output\pabot_results' -Recurse -Directory -Include '*screenshots' | Copy-Item -Recurse -Force -Destination 'X:\Tests\Automation\output'
 Get-ChildItem 'X:\Tests\Automation\output\pabot_results' -Recurse -Directory -Include '*rundata' | Copy-Item -Recurse -Force -Destination 'X:\Tests\Automation\output'</msg>
<status status="PASS" starttime="20241230 08:17:54.078" endtime="20241230 08:17:54.115"/>
</kw>
<status status="PASS" starttime="20241230 08:17:53.141" endtime="20241230 08:17:54.115"/>
</kw>
<status status="PASS" starttime="20241230 08:17:53.141" endtime="20241230 08:17:54.115"/>
</kw>
<status status="PASS" starttime="20241230 08:17:53.134" endtime="20241230 08:17:54.115"/>
</kw>
<status status="PASS" starttime="20241230 08:17:53.134" endtime="20241230 08:17:54.115"/>
</kw>
<kw name="Run Keyword" library="BuiltIn">
<arg>Remove created users</arg>
<doc>Executes the given keyword with the given arguments.</doc>
<kw name="Remove created users">
<kw name="Run Keyword If" library="BuiltIn">
<arg>${DisableSQL}</arg>
<arg>log</arg>
<arg>Unable to remove users as SQL is Off</arg>
<doc>Runs the given keyword with the given arguments, if ``condition`` is true.</doc>
<kw name="Log" library="BuiltIn">
<arg>Unable to remove users as SQL is Off</arg>
<doc>Logs the given message with the given level.</doc>
<msg timestamp="20241230 08:17:54.127" level="INFO">Unable to remove users as SQL is Off</msg>
<status status="PASS" starttime="20241230 08:17:54.127" endtime="20241230 08:17:54.131"/>
</kw>
<status status="PASS" starttime="20241230 08:17:54.127" endtime="20241230 08:17:54.131"/>
</kw>
<kw name="Run Keyword If" library="BuiltIn">
<arg>not ${bUniqueUserCreation}</arg>
<arg>return from keyword</arg>
<arg>${True}</arg>
<doc>Runs the given keyword with the given arguments, if ``condition`` is true.</doc>
<status status="PASS" starttime="20241230 08:17:54.131" endtime="20241230 08:17:54.131"/>
</kw>
<kw name="Run Keyword If" library="BuiltIn">
<arg>${bHardCodedUserUsage}</arg>
<arg>return from keyword</arg>
<arg>${True}</arg>
<doc>Runs the given keyword with the given arguments, if ``condition`` is true.</doc>
<kw name="Return From Keyword" library="BuiltIn">
<arg>${True}</arg>
<doc>Returns from the enclosing user keyword.</doc>
<msg timestamp="20241230 08:17:54.131" level="INFO">Returning from the enclosing user keyword.</msg>
<status status="PASS" starttime="20241230 08:17:54.131" endtime="20241230 08:17:54.131"/>
</kw>
<status status="PASS" starttime="20241230 08:17:54.131" endtime="20241230 08:17:54.131"/>
</kw>
<status status="PASS" starttime="20241230 08:17:54.115" endtime="20241230 08:17:54.131"/>
</kw>
<status status="PASS" starttime="20241230 08:17:54.115" endtime="20241230 08:17:54.131"/>
</kw>
<status status="PASS" starttime="20241230 08:17:53.134" endtime="20241230 08:17:54.131"/>
</kw>
<status status="FAIL" starttime="20241230 08:15:42.592" endtime="20241230 08:17:54.131"/>
</suite>
<statistics>
<total>
<stat pass="0" fail="1" skip="0">All Tests</stat>
</total>
<tag>
<stat pass="0" fail="1" skip="0">FOCUS</stat>
<stat pass="0" fail="1" skip="0">LISTS</stat>
<stat pass="0" fail="1" skip="0">OWNER-ADA</stat>
<stat pass="0" fail="1" skip="0">SANITY</stat>
</tag>
<suite>
<stat pass="0" fail="1" skip="0" id="s1" name="Test Suites">Test Suites</stat>
<stat pass="0" fail="1" skip="0" id="s1-s1" name="89 Sanitychecks">Test Suites.89 Sanitychecks</stat>
<stat pass="0" fail="1" skip="0" id="s1-s1-s1" name="Listsandstaticsegments">Test Suites.89 Sanitychecks.Listsandstaticsegments</stat>
</suite>
</statistics>
<errors>
</errors>
</robot>
